2024.10.13 13:27:51 INFO  Started: Metals version 1.3.5 in folders '/home/david/Documents/BigData/scala/project1-scala' for client Visual Studio Code 1.94.2.[0m
SLF4J(W): Class path contains multiple SLF4J providers.
SLF4J(W): Found provider [scribe.slf4j.ScribeServiceProvider@36fd1ca8]
SLF4J(W): Found provider [ch.qos.logback.classic.spi.LogbackServiceProvider@281bed9f]
SLF4J(W): See https://www.slf4j.org/codes.html#multiple_bindings for an explanation.
SLF4J(I): Actual provider is of type [scribe.slf4j.ScribeServiceProvider@36fd1ca8]
2024.10.13 13:27:53 WARN  Flyway upgrade recommended: H2 2.3.230 is newer than this version of Flyway and support has not been tested. The latest supported version of H2 is 2.2.220.[0m
2024.10.13 13:27:56 INFO  no build target found for /home/david/Documents/BigData/scala/project1-scala/src/main/java/com/project1/scala/App.scala. Using presentation compiler with project's scala-library version: 3.3.3[0m
2024.10.13 13:27:56 INFO  no build target found for /home/david/Documents/BigData/scala/project1-scala/src/main/java/com/project1/scala/App.scala. Using presentation compiler with project's scala-library version: 3.3.3[0m
2024.10.13 13:27:58 INFO  no build target found for /home/david/Documents/BigData/scala/project1-scala/src/main/java/com/project1/scala/App.scala. Using presentation compiler with project's scala-library version: 3.3.3[0m
2024.10.13 13:28:00 INFO  no build target found for /home/david/Documents/BigData/scala/project1-scala/src/main/java/com/project1/scala/App.scala. Using presentation compiler with project's scala-library version: 3.3.3[0m
2024.10.13 13:28:00 INFO  no build target found for /home/david/Documents/BigData/scala/project1-scala/src/main/java/com/project1/scala/App.scala. Using presentation compiler with project's scala-library version: 3.3.3[0m
2024.10.13 13:28:08 INFO  no build target found for /home/david/Documents/BigData/scala/project1-scala/src/main/java/com/project1/scala/App.scala. Using presentation compiler with project's scala-library version: 3.3.3[0m
2024.10.13 13:32:17 INFO  no build target found for /home/david/Documents/BigData/scala/project1-scala/src/main/java/com/project1/scala/App.scala. Using presentation compiler with project's scala-library version: 3.3.3[0m
2024.10.13 13:32:29 INFO  no build target found for /home/david/Documents/BigData/scala/project1-scala/src/main/java/com/project1/scala/App.scala. Using presentation compiler with project's scala-library version: 3.3.3[0m
2024.10.13 13:32:29 INFO  no build target found for /home/david/Documents/BigData/scala/project1-scala/src/main/java/com/project1/scala/App.scala. Using presentation compiler with project's scala-library version: 3.3.3[0m
2024.10.13 13:32:36 INFO  no build target found for /home/david/Documents/BigData/scala/project1-scala/src/main/java/com/project1/scala/App.scala. Using presentation compiler with project's scala-library version: 3.3.3[0m
2024.10.13 13:32:36 INFO  no build target found for /home/david/Documents/BigData/scala/project1-scala/src/main/java/com/project1/scala/App.scala. Using presentation compiler with project's scala-library version: 3.3.3[0m
2024.10.13 13:32:37 INFO  no build target found for /home/david/Documents/BigData/scala/project1-scala/src/main/java/com/project1/scala/App.scala. Using presentation compiler with project's scala-library version: 3.3.3[0m
2024.10.13 13:32:45 INFO  no build target found for /home/david/Documents/BigData/scala/project1-scala/src/main/java/com/project1/scala/App.scala. Using presentation compiler with project's scala-library version: 3.3.3[0m
Oct 13, 2024 1:39:19 PM org.eclipse.lsp4j.jsonrpc.services.GenericEndpoint notify
INFO: Unsupported notification method: $/setTrace
2024.10.13 13:40:24 INFO  no build target found for /home/david/Documents/BigData/scala/project1-scala/src/main/java/com/project1/scala/App.scala. Using presentation compiler with project's scala-library version: 3.3.3[0m
2024.10.13 13:40:30 INFO  no build target found for /home/david/Documents/BigData/scala/project1-scala/src/main/java/com/project1/scala/App.scala. Using presentation compiler with project's scala-library version: 3.3.3[0m
2024.10.13 13:40:30 INFO  no build target found for /home/david/Documents/BigData/scala/project1-scala/src/main/java/com/project1/scala/App.scala. Using presentation compiler with project's scala-library version: 3.3.3[0m
2024.10.13 13:40:32 INFO  no build target found for /home/david/Documents/BigData/scala/project1-scala/src/main/java/com/project1/scala/App.scala. Using presentation compiler with project's scala-library version: 3.3.3[0m
2024.10.13 13:40:39 INFO  no build target found for /home/david/Documents/BigData/scala/project1-scala/src/main/java/com/project1/scala/App.scala. Using presentation compiler with project's scala-library version: 3.3.3[0m
2024.10.13 13:40:56 INFO  no build target found for /home/david/Documents/BigData/scala/project1-scala/src/main/java/com/project1/scala/App.scala. Using presentation compiler with project's scala-library version: 3.3.3[0m
2024.10.13 13:41:01 INFO  no build target found for /home/david/Documents/BigData/scala/project1-scala/src/main/java/com/project1/scala/App.scala. Using presentation compiler with project's scala-library version: 3.3.3[0m
2024.10.13 13:41:01 INFO  no build target found for /home/david/Documents/BigData/scala/project1-scala/src/main/java/com/project1/scala/App.scala. Using presentation compiler with project's scala-library version: 3.3.3[0m
2024.10.13 13:41:03 INFO  no build target found for /home/david/Documents/BigData/scala/project1-scala/src/main/java/com/project1/scala/App.scala. Using presentation compiler with project's scala-library version: 3.3.3[0m
2024.10.13 13:41:03 INFO  no build target found for /home/david/Documents/BigData/scala/project1-scala/src/main/java/com/project1/scala/App.scala. Using presentation compiler with project's scala-library version: 3.3.3[0m
2024.10.13 13:41:03 INFO  no build target found for /home/david/Documents/BigData/scala/project1-scala/src/main/java/com/project1/scala/App.scala. Using presentation compiler with project's scala-library version: 3.3.3[0m
2024.10.13 13:41:03 INFO  no build target found for /home/david/Documents/BigData/scala/project1-scala/src/main/java/com/project1/scala/App.scala. Using presentation compiler with project's scala-library version: 3.3.3[0m
2024.10.13 13:41:03 WARN  no build target for: /home/david/Documents/BigData/scala/project1-scala/src/main/java/com/project1/scala/App.scala[0m
2024.10.13 13:41:03 INFO  no build target found for /home/david/Documents/BigData/scala/project1-scala/src/main/java/com/project1/scala/App.scala. Using presentation compiler with project's scala-library version: 3.3.3[0m
2024.10.13 13:41:06 INFO  no build target found for /home/david/Documents/BigData/scala/project1-scala/src/main/java/com/project1/scala/App.scala. Using presentation compiler with project's scala-library version: 3.3.3[0m
2024.10.13 13:41:08 INFO  no build target found for /home/david/Documents/BigData/scala/project1-scala/src/main/java/com/project1/scala/App.scala. Using presentation compiler with project's scala-library version: 3.3.3[0m
2024.10.13 13:41:08 INFO  no build target found for /home/david/Documents/BigData/scala/project1-scala/src/main/java/com/project1/scala/App.scala. Using presentation compiler with project's scala-library version: 3.3.3[0m
2024.10.13 13:41:09 INFO  no build target found for /home/david/Documents/BigData/scala/project1-scala/src/main/java/com/project1/scala/App.scala. Using presentation compiler with project's scala-library version: 3.3.3[0m
2024.10.13 13:41:11 INFO  no build target found for /home/david/Documents/BigData/scala/project1-scala/src/main/java/com/project1/scala/App.scala. Using presentation compiler with project's scala-library version: 3.3.3[0m
2024.10.13 13:41:12 WARN  no build target for: /home/david/Documents/BigData/scala/project1-scala/src/main/java/com/project1/scala/App.scala[0m
2024.10.13 13:41:12 INFO  no build target found for /home/david/Documents/BigData/scala/project1-scala/src/main/java/com/project1/scala/App.scala. Using presentation compiler with project's scala-library version: 3.3.3[0m
2024.10.13 13:41:13 INFO  no build target found for /home/david/Documents/BigData/scala/project1-scala/src/main/java/com/project1/scala/App.scala. Using presentation compiler with project's scala-library version: 3.3.3[0m
2024.10.13 13:41:24 INFO  no build target found for /home/david/Documents/BigData/scala/project1-scala/src/main/java/com/project1/scala/App.scala. Using presentation compiler with project's scala-library version: 3.3.3[0m
2024.10.13 13:41:37 INFO  no build target found for /home/david/Documents/BigData/scala/project1-scala/src/main/java/com/project1/scala/App.scala. Using presentation compiler with project's scala-library version: 3.3.3[0m
2024.10.13 13:41:37 INFO  no build target found for /home/david/Documents/BigData/scala/project1-scala/src/main/java/com/project1/scala/App.scala. Using presentation compiler with project's scala-library version: 3.3.3[0m
2024.10.13 13:41:40 INFO  no build target found for /home/david/Documents/BigData/scala/project1-scala/src/main/java/com/project1/scala/App.scala. Using presentation compiler with project's scala-library version: 3.3.3[0m
2024.10.13 13:41:40 INFO  no build target found for /home/david/Documents/BigData/scala/project1-scala/src/main/java/com/project1/scala/App.scala. Using presentation compiler with project's scala-library version: 3.3.3[0m
2024.10.13 13:41:40 INFO  no build target found for /home/david/Documents/BigData/scala/project1-scala/src/main/java/com/project1/scala/App.scala. Using presentation compiler with project's scala-library version: 3.3.3[0m
2024.10.13 13:41:40 INFO  no build target found for /home/david/Documents/BigData/scala/project1-scala/src/main/java/com/project1/scala/App.scala. Using presentation compiler with project's scala-library version: 3.3.3[0m
2024.10.13 13:41:40 INFO  no build target found for /home/david/Documents/BigData/scala/project1-scala/src/main/java/com/project1/scala/App.scala. Using presentation compiler with project's scala-library version: 3.3.3[0m
2024.10.13 13:41:41 INFO  no build target found for /home/david/Documents/BigData/scala/project1-scala/src/main/java/com/project1/scala/App.scala. Using presentation compiler with project's scala-library version: 3.3.3[0m
2024.10.13 13:41:41 WARN  no build target for: /home/david/Documents/BigData/scala/project1-scala/src/main/java/com/project1/scala/App.scala[0m
2024.10.13 13:41:41 INFO  no build target found for /home/david/Documents/BigData/scala/project1-scala/src/main/java/com/project1/scala/App.scala. Using presentation compiler with project's scala-library version: 3.3.3[0m
2024.10.13 13:41:41 INFO  no build target found for /home/david/Documents/BigData/scala/project1-scala/src/main/java/com/project1/scala/App.scala. Using presentation compiler with project's scala-library version: 3.3.3[0m
2024.10.13 13:41:42 INFO  no build target found for /home/david/Documents/BigData/scala/project1-scala/src/main/java/com/project1/scala/App.scala. Using presentation compiler with project's scala-library version: 3.3.3[0m
2024.10.13 13:41:42 INFO  no build target found for /home/david/Documents/BigData/scala/project1-scala/src/main/java/com/project1/scala/App.scala. Using presentation compiler with project's scala-library version: 3.3.3[0m
2024.10.13 13:41:42 WARN  no build target for: /home/david/Documents/BigData/scala/project1-scala/src/main/java/com/project1/scala/App.scala[0m
2024.10.13 13:41:42 INFO  no build target found for /home/david/Documents/BigData/scala/project1-scala/src/main/java/com/project1/scala/App.scala. Using presentation compiler with project's scala-library version: 3.3.3[0m
2024.10.13 13:41:42 INFO  no build target found for /home/david/Documents/BigData/scala/project1-scala/src/main/java/com/project1/scala/App.scala. Using presentation compiler with project's scala-library version: 3.3.3[0m
2024.10.13 13:41:44 INFO  no build target found for /home/david/Documents/BigData/scala/project1-scala/src/main/java/com/project1/scala/App.scala. Using presentation compiler with project's scala-library version: 3.3.3[0m
2024.10.13 13:41:44 INFO  no build target found for /home/david/Documents/BigData/scala/project1-scala/src/main/java/com/project1/scala/App.scala. Using presentation compiler with project's scala-library version: 3.3.3[0m
2024.10.13 13:41:53 INFO  no build target found for /home/david/Documents/BigData/scala/project1-scala/src/main/java/com/project1/scala/App.scala. Using presentation compiler with project's scala-library version: 3.3.3[0m
2024.10.13 13:41:53 INFO  no build target found for /home/david/Documents/BigData/scala/project1-scala/src/main/java/com/project1/scala/App.scala. Using presentation compiler with project's scala-library version: 3.3.3[0m
2024.10.13 13:41:53 INFO  no build target found for /home/david/Documents/BigData/scala/project1-scala/src/main/java/com/project1/scala/App.scala. Using presentation compiler with project's scala-library version: 3.3.3[0m
2024.10.13 13:41:56 INFO  no build target found for /home/david/Documents/BigData/scala/project1-scala/src/main/java/com/project1/scala/App.scala. Using presentation compiler with project's scala-library version: 3.3.3[0m
2024.10.13 13:41:56 INFO  no build target found for /home/david/Documents/BigData/scala/project1-scala/src/main/java/com/project1/scala/App.scala. Using presentation compiler with project's scala-library version: 3.3.3[0m
2024.10.13 13:41:56 INFO  no build target found for /home/david/Documents/BigData/scala/project1-scala/src/main/java/com/project1/scala/App.scala. Using presentation compiler with project's scala-library version: 3.3.3[0m
2024.10.13 13:41:56 WARN  no build target for: /home/david/Documents/BigData/scala/project1-scala/src/main/java/com/project1/scala/App.scala[0m
2024.10.13 13:41:56 INFO  no build target found for /home/david/Documents/BigData/scala/project1-scala/src/main/java/com/project1/scala/App.scala. Using presentation compiler with project's scala-library version: 3.3.3[0m
2024.10.13 13:42:02 INFO  no build target found for /home/david/Documents/BigData/scala/project1-scala/src/main/java/com/project1/scala/App.scala. Using presentation compiler with project's scala-library version: 3.3.3[0m
2024.10.13 13:42:04 INFO  no build target found for /home/david/Documents/BigData/scala/project1-scala/src/main/java/com/project1/scala/App.scala. Using presentation compiler with project's scala-library version: 3.3.3[0m
2024.10.13 13:42:04 INFO  no build target found for /home/david/Documents/BigData/scala/project1-scala/src/main/java/com/project1/scala/App.scala. Using presentation compiler with project's scala-library version: 3.3.3[0m
2024.10.13 13:42:04 WARN  no build target for: /home/david/Documents/BigData/scala/project1-scala/src/main/java/com/project1/scala/App.scala[0m
2024.10.13 13:42:04 INFO  no build target found for /home/david/Documents/BigData/scala/project1-scala/src/main/java/com/project1/scala/App.scala. Using presentation compiler with project's scala-library version: 3.3.3[0m
2024.10.13 13:42:04 INFO  no build target found for /home/david/Documents/BigData/scala/project1-scala/src/main/java/com/project1/scala/App.scala. Using presentation compiler with project's scala-library version: 3.3.3[0m
2024.10.13 13:42:19 INFO  no build target found for /home/david/Documents/BigData/scala/project1-scala/src/main/java/com/project1/scala/App.scala. Using presentation compiler with project's scala-library version: 3.3.3[0m
2024.10.13 13:42:20 INFO  no build target found for /home/david/Documents/BigData/scala/project1-scala/src/main/java/com/project1/scala/App.scala. Using presentation compiler with project's scala-library version: 3.3.3[0m
2024.10.13 13:42:20 INFO  no build target found for /home/david/Documents/BigData/scala/project1-scala/src/main/java/com/project1/scala/App.scala. Using presentation compiler with project's scala-library version: 3.3.3[0m
2024.10.13 13:42:24 INFO  no build target found for /home/david/Documents/BigData/scala/project1-scala/src/main/java/com/project1/scala/App.scala. Using presentation compiler with project's scala-library version: 3.3.3[0m
2024.10.13 13:42:24 INFO  no build target found for /home/david/Documents/BigData/scala/project1-scala/src/main/java/com/project1/scala/App.scala. Using presentation compiler with project's scala-library version: 3.3.3[0m
2024.10.13 13:42:24 INFO  no build target found for /home/david/Documents/BigData/scala/project1-scala/src/main/java/com/project1/scala/App.scala. Using presentation compiler with project's scala-library version: 3.3.3[0m
2024.10.13 13:42:24 INFO  no build target found for /home/david/Documents/BigData/scala/project1-scala/src/main/java/com/project1/scala/App.scala. Using presentation compiler with project's scala-library version: 3.3.3[0m
2024.10.13 13:42:25 INFO  no build target found for /home/david/Documents/BigData/scala/project1-scala/src/main/java/com/project1/scala/App.scala. Using presentation compiler with project's scala-library version: 3.3.3[0m
2024.10.13 13:42:25 INFO  no build target found for /home/david/Documents/BigData/scala/project1-scala/src/main/java/com/project1/scala/App.scala. Using presentation compiler with project's scala-library version: 3.3.3[0m
2024.10.13 13:42:25 WARN  no build target for: /home/david/Documents/BigData/scala/project1-scala/src/main/java/com/project1/scala/App.scala[0m
2024.10.13 13:42:25 INFO  no build target found for /home/david/Documents/BigData/scala/project1-scala/src/main/java/com/project1/scala/App.scala. Using presentation compiler with project's scala-library version: 3.3.3[0m
2024.10.13 13:42:25 INFO  no build target found for /home/david/Documents/BigData/scala/project1-scala/src/main/java/com/project1/scala/App.scala. Using presentation compiler with project's scala-library version: 3.3.3[0m
2024.10.13 13:42:26 INFO  no build target found for /home/david/Documents/BigData/scala/project1-scala/src/main/java/com/project1/scala/App.scala. Using presentation compiler with project's scala-library version: 3.3.3[0m
2024.10.13 13:42:26 INFO  no build target found for /home/david/Documents/BigData/scala/project1-scala/src/main/java/com/project1/scala/App.scala. Using presentation compiler with project's scala-library version: 3.3.3[0m
Oct 13, 2024 1:42:26 PM org.eclipse.lsp4j.jsonrpc.RemoteEndpoint handleCancellation
WARNING: Unmatched cancel notification for request id 153
2024.10.13 13:42:26 INFO  no build target found for /home/david/Documents/BigData/scala/project1-scala/src/main/java/com/project1/scala/App.scala. Using presentation compiler with project's scala-library version: 3.3.3[0m
2024.10.13 13:42:26 WARN  no build target for: /home/david/Documents/BigData/scala/project1-scala/src/main/java/com/project1/scala/App.scala[0m
2024.10.13 13:42:26 INFO  no build target found for /home/david/Documents/BigData/scala/project1-scala/src/main/java/com/project1/scala/App.scala. Using presentation compiler with project's scala-library version: 3.3.3[0m
2024.10.13 13:42:26 INFO  no build target found for /home/david/Documents/BigData/scala/project1-scala/src/main/java/com/project1/scala/App.scala. Using presentation compiler with project's scala-library version: 3.3.3[0m
Oct 13, 2024 1:42:26 PM org.eclipse.lsp4j.jsonrpc.RemoteEndpoint handleCancellation
WARNING: Unmatched cancel notification for request id 156
2024.10.13 13:42:26 INFO  no build target found for /home/david/Documents/BigData/scala/project1-scala/src/main/java/com/project1/scala/App.scala. Using presentation compiler with project's scala-library version: 3.3.3[0m
Oct 13, 2024 1:42:27 PM org.eclipse.lsp4j.jsonrpc.RemoteEndpoint handleCancellation
WARNING: Unmatched cancel notification for request id 157
2024.10.13 13:42:26 INFO  no build target found for /home/david/Documents/BigData/scala/project1-scala/src/main/java/com/project1/scala/App.scala. Using presentation compiler with project's scala-library version: 3.3.3[0m
2024.10.13 13:42:29 INFO  no build target found for /home/david/Documents/BigData/scala/project1-scala/src/main/java/com/project1/scala/App.scala. Using presentation compiler with project's scala-library version: 3.3.3[0m
2024.10.13 13:42:33 INFO  no build target found for /home/david/Documents/BigData/scala/project1-scala/src/main/java/com/project1/scala/App.scala. Using presentation compiler with project's scala-library version: 3.3.3[0m
Oct 13, 2024 1:42:33 PM org.eclipse.lsp4j.jsonrpc.RemoteEndpoint handleCancellation
WARNING: Unmatched cancel notification for request id 162
2024.10.13 13:42:33 INFO  no build target found for /home/david/Documents/BigData/scala/project1-scala/src/main/java/com/project1/scala/App.scala. Using presentation compiler with project's scala-library version: 3.3.3[0m
2024.10.13 13:42:35 INFO  no build target found for /home/david/Documents/BigData/scala/project1-scala/src/main/java/com/project1/scala/App.scala. Using presentation compiler with project's scala-library version: 3.3.3[0m
2024.10.13 13:42:35 INFO  no build target found for /home/david/Documents/BigData/scala/project1-scala/src/main/java/com/project1/scala/App.scala. Using presentation compiler with project's scala-library version: 3.3.3[0m
2024.10.13 13:42:35 INFO  no build target found for /home/david/Documents/BigData/scala/project1-scala/src/main/java/com/project1/scala/App.scala. Using presentation compiler with project's scala-library version: 3.3.3[0m
2024.10.13 13:42:35 INFO  no build target found for /home/david/Documents/BigData/scala/project1-scala/src/main/java/com/project1/scala/App.scala. Using presentation compiler with project's scala-library version: 3.3.3[0m
2024.10.13 13:42:35 INFO  no build target found for /home/david/Documents/BigData/scala/project1-scala/src/main/java/com/project1/scala/App.scala. Using presentation compiler with project's scala-library version: 3.3.3[0m
2024.10.13 13:42:36 WARN  no build target for: /home/david/Documents/BigData/scala/project1-scala/src/main/java/com/project1/scala/App.scala[0m
2024.10.13 13:42:36 INFO  no build target found for /home/david/Documents/BigData/scala/project1-scala/src/main/java/com/project1/scala/App.scala. Using presentation compiler with project's scala-library version: 3.3.3[0m
2024.10.13 13:42:36 INFO  no build target found for /home/david/Documents/BigData/scala/project1-scala/src/main/java/com/project1/scala/App.scala. Using presentation compiler with project's scala-library version: 3.3.3[0m
2024.10.13 13:42:51 INFO  no build target found for /home/david/Documents/BigData/scala/project1-scala/src/main/java/com/project1/scala/App.scala. Using presentation compiler with project's scala-library version: 3.3.3[0m
2024.10.13 13:42:51 INFO  no build target found for /home/david/Documents/BigData/scala/project1-scala/src/main/java/com/project1/scala/App.scala. Using presentation compiler with project's scala-library version: 3.3.3[0m
2024.10.13 13:42:55 INFO  no build target found for /home/david/Documents/BigData/scala/project1-scala/src/main/java/com/project1/scala/App.scala. Using presentation compiler with project's scala-library version: 3.3.3[0m
2024.10.13 13:42:55 INFO  no build target found for /home/david/Documents/BigData/scala/project1-scala/src/main/java/com/project1/scala/App.scala. Using presentation compiler with project's scala-library version: 3.3.3[0m
2024.10.13 13:42:55 WARN  no build target for: /home/david/Documents/BigData/scala/project1-scala/src/main/java/com/project1/scala/App.scala[0m
2024.10.13 13:42:55 INFO  no build target found for /home/david/Documents/BigData/scala/project1-scala/src/main/java/com/project1/scala/App.scala. Using presentation compiler with project's scala-library version: 3.3.3[0m
2024.10.13 13:42:55 INFO  no build target found for /home/david/Documents/BigData/scala/project1-scala/src/main/java/com/project1/scala/App.scala. Using presentation compiler with project's scala-library version: 3.3.3[0m
2024.10.13 13:42:56 INFO  no build target found for /home/david/Documents/BigData/scala/project1-scala/src/main/java/com/project1/scala/App.scala. Using presentation compiler with project's scala-library version: 3.3.3[0m
2024.10.13 13:42:56 INFO  no build target found for /home/david/Documents/BigData/scala/project1-scala/src/main/java/com/project1/scala/App.scala. Using presentation compiler with project's scala-library version: 3.3.3[0m
2024.10.13 13:42:58 INFO  no build target found for /home/david/Documents/BigData/scala/project1-scala/src/main/java/com/project1/scala/App.scala. Using presentation compiler with project's scala-library version: 3.3.3[0m
2024.10.13 13:42:58 INFO  no build target found for /home/david/Documents/BigData/scala/project1-scala/src/main/java/com/project1/scala/App.scala. Using presentation compiler with project's scala-library version: 3.3.3[0m
2024.10.13 13:42:58 INFO  no build target found for /home/david/Documents/BigData/scala/project1-scala/src/main/java/com/project1/scala/App.scala. Using presentation compiler with project's scala-library version: 3.3.3[0m
2024.10.13 13:42:59 WARN  no build target for: /home/david/Documents/BigData/scala/project1-scala/src/main/java/com/project1/scala/App.scala[0m
2024.10.13 13:42:59 INFO  no build target found for /home/david/Documents/BigData/scala/project1-scala/src/main/java/com/project1/scala/App.scala. Using presentation compiler with project's scala-library version: 3.3.3[0m
2024.10.13 13:43:04 INFO  no build target found for /home/david/Documents/BigData/scala/project1-scala/src/main/java/com/project1/scala/App.scala. Using presentation compiler with project's scala-library version: 3.3.3[0m
2024.10.13 13:43:04 INFO  no build target found for /home/david/Documents/BigData/scala/project1-scala/src/main/java/com/project1/scala/App.scala. Using presentation compiler with project's scala-library version: 3.3.3[0m
2024.10.13 13:43:04 INFO  no build target found for /home/david/Documents/BigData/scala/project1-scala/src/main/java/com/project1/scala/App.scala. Using presentation compiler with project's scala-library version: 3.3.3[0m
2024.10.13 13:43:05 WARN  no build target for: /home/david/Documents/BigData/scala/project1-scala/src/main/java/com/project1/scala/App.scala[0m
2024.10.13 13:43:06 WARN  no build target for: /home/david/Documents/BigData/scala/project1-scala/src/main/java/com/project1/scala/App.scala[0m
2024.10.13 13:43:14 INFO  no build target found for /home/david/Documents/BigData/scala/project1-scala/src/main/java/com/project1/scala/App.scala. Using presentation compiler with project's scala-library version: 3.3.3[0m
2024.10.13 13:43:14 INFO  no build target found for /home/david/Documents/BigData/scala/project1-scala/src/main/java/com/project1/scala/App.scala. Using presentation compiler with project's scala-library version: 3.3.3[0m
2024.10.13 13:43:14 INFO  no build target found for /home/david/Documents/BigData/scala/project1-scala/src/main/java/com/project1/scala/App.scala. Using presentation compiler with project's scala-library version: 3.3.3[0m
2024.10.13 13:43:24 INFO  no build target found for /home/david/Documents/BigData/scala/project1-scala/src/main/java/com/project1/scala/App.scala. Using presentation compiler with project's scala-library version: 3.3.3[0m
2024.10.13 13:43:27 INFO  no build target found for /home/david/Documents/BigData/scala/project1-scala/src/main/java/com/project1/scala/App.scala. Using presentation compiler with project's scala-library version: 3.3.3[0m
2024.10.13 13:43:29 INFO  no build target found for /home/david/Documents/BigData/scala/project1-scala/src/main/java/com/project1/scala/App.scala. Using presentation compiler with project's scala-library version: 3.3.3[0m
2024.10.13 13:43:35 INFO  no build target found for /home/david/Documents/BigData/scala/project1-scala/src/main/java/com/project1/scala/App.scala. Using presentation compiler with project's scala-library version: 3.3.3[0m
2024.10.13 13:43:38 INFO  no build target found for /home/david/Documents/BigData/scala/project1-scala/src/main/java/com/project1/scala/App.scala. Using presentation compiler with project's scala-library version: 3.3.3[0m
2024.10.13 13:43:38 INFO  no build target found for /home/david/Documents/BigData/scala/project1-scala/src/main/java/com/project1/scala/App.scala. Using presentation compiler with project's scala-library version: 3.3.3[0m
2024.10.13 13:43:40 INFO  no build target found for /home/david/Documents/BigData/scala/project1-scala/src/main/java/com/project1/scala/App.scala. Using presentation compiler with project's scala-library version: 3.3.3[0m
2024.10.13 13:43:42 INFO  no build target found for /home/david/Documents/BigData/scala/project1-scala/src/main/java/com/project1/scala/App.scala. Using presentation compiler with project's scala-library version: 3.3.3[0m
2024.10.13 13:43:42 INFO  no build target found for /home/david/Documents/BigData/scala/project1-scala/src/main/java/com/project1/scala/App.scala. Using presentation compiler with project's scala-library version: 3.3.3[0m
2024.10.13 13:43:42 INFO  no build target found for /home/david/Documents/BigData/scala/project1-scala/src/main/java/com/project1/scala/App.scala. Using presentation compiler with project's scala-library version: 3.3.3[0m
2024.10.13 13:43:42 INFO  no build target found for /home/david/Documents/BigData/scala/project1-scala/src/main/java/com/project1/scala/App.scala. Using presentation compiler with project's scala-library version: 3.3.3[0m
2024.10.13 13:43:43 WARN  no build target for: /home/david/Documents/BigData/scala/project1-scala/src/main/java/com/project1/scala/App.scala[0m
2024.10.13 13:43:43 INFO  no build target found for /home/david/Documents/BigData/scala/project1-scala/src/main/java/com/project1/scala/App.scala. Using presentation compiler with project's scala-library version: 3.3.3[0m
2024.10.13 13:44:00 INFO  no build target found for /home/david/Documents/BigData/scala/project1-scala/src/main/java/com/project1/scala/App.scala. Using presentation compiler with project's scala-library version: 3.3.3[0m
2024.10.13 13:44:06 INFO  Shutting down server[0m
2024.10.13 13:44:06 INFO  shutting down Metals[0m
2024.10.13 13:44:06 ERROR Unexpected error initializing server: 
org.eclipse.lsp4j.jsonrpc.ResponseErrorException: Request window/showMessageRequest failed with message: Canceled
	at org.eclipse.lsp4j.jsonrpc.RemoteEndpoint.handleResponse(RemoteEndpoint.java:220)
	at org.eclipse.lsp4j.jsonrpc.RemoteEndpoint.consume(RemoteEndpoint.java:204)
	at org.eclipse.lsp4j.jsonrpc.json.StreamMessageProducer.handleMessage(StreamMessageProducer.java:185)
	at org.eclipse.lsp4j.jsonrpc.json.StreamMessageProducer.listen(StreamMessageProducer.java:97)
	at org.eclipse.lsp4j.jsonrpc.json.ConcurrentMessageProcessor.run(ConcurrentMessageProcessor.java:114)
	at java.util.concurrent.Executors$RunnableAdapter.call(Executors.java:539)
	at java.util.concurrent.FutureTask.run(FutureTask.java:264)
	at java.util.concurrent.ThreadPoolExecutor.runWorker(ThreadPoolExecutor.java:1136)
	at java.util.concurrent.ThreadPoolExecutor$Worker.run(ThreadPoolExecutor.java:635)
	at java.lang.Thread.run(Thread.java:833)
[0m
2024.10.13 13:44:06 INFO  Exiting server[0m
