24/10/13 12:58:54 WARN Utils: Your hostname, david resolves to a loopback address: 127.0.1.1; using 10.0.2.6 instead (on interface enp0s3)
24/10/13 12:58:54 WARN Utils: Set SPARK_LOCAL_IP if you need to bind to another address
24/10/13 12:58:54 INFO SparkContext: Running Spark version 2.2.0
24/10/13 12:58:55 WARN NativeCodeLoader: Unable to load native-hadoop library for your platform... using builtin-java classes where applicable
24/10/13 12:58:55 INFO SparkContext: Submitted application: TestApp
24/10/13 12:58:55 INFO SecurityManager: Changing view acls to: david
24/10/13 12:58:55 INFO SecurityManager: Changing modify acls to: david
24/10/13 12:58:55 INFO SecurityManager: Changing view acls groups to: 
24/10/13 12:58:55 INFO SecurityManager: Changing modify acls groups to: 
24/10/13 12:58:55 INFO SecurityManager: SecurityManager: authentication disabled; ui acls disabled; users  with view permissions: Set(david); groups with view permissions: Set(); users  with modify permissions: Set(david); groups with modify permissions: Set()
24/10/13 12:58:55 INFO Utils: Successfully started service 'sparkDriver' on port 39927.
24/10/13 12:58:55 INFO SparkEnv: Registering MapOutputTracker
24/10/13 12:58:55 INFO SparkEnv: Registering BlockManagerMaster
24/10/13 12:58:55 INFO BlockManagerMasterEndpoint: Using org.apache.spark.storage.DefaultTopologyMapper for getting topology information
24/10/13 12:58:55 INFO BlockManagerMasterEndpoint: BlockManagerMasterEndpoint up
24/10/13 12:58:55 INFO DiskBlockManager: Created local directory at /tmp/blockmgr-dd6796a8-76f5-4e95-a832-cacc35224dbc
24/10/13 12:58:55 INFO MemoryStore: MemoryStore started with capacity 366.3 MB
24/10/13 12:58:55 INFO SparkEnv: Registering OutputCommitCoordinator
24/10/13 12:58:55 INFO log: Logging initialized @3070ms
24/10/13 12:58:56 INFO Server: jetty-9.3.z-SNAPSHOT
24/10/13 12:58:56 INFO Server: Started @3184ms
24/10/13 12:58:56 INFO AbstractConnector: Started ServerConnector@226b4874{HTTP/1.1,[http/1.1]}{0.0.0.0:4040}
24/10/13 12:58:56 INFO Utils: Successfully started service 'SparkUI' on port 4040.
24/10/13 12:58:56 INFO ContextHandler: Started o.s.j.s.ServletContextHandler@13a91214{/jobs,null,AVAILABLE,@Spark}
24/10/13 12:58:56 INFO ContextHandler: Started o.s.j.s.ServletContextHandler@3c49492e{/jobs/json,null,AVAILABLE,@Spark}
24/10/13 12:58:56 INFO ContextHandler: Started o.s.j.s.ServletContextHandler@2b44dad7{/jobs/job,null,AVAILABLE,@Spark}
24/10/13 12:58:56 INFO ContextHandler: Started o.s.j.s.ServletContextHandler@5a4a77aa{/jobs/job/json,null,AVAILABLE,@Spark}
24/10/13 12:58:56 INFO ContextHandler: Started o.s.j.s.ServletContextHandler@2deabe2e{/stages,null,AVAILABLE,@Spark}
24/10/13 12:58:56 INFO ContextHandler: Started o.s.j.s.ServletContextHandler@19d88daa{/stages/json,null,AVAILABLE,@Spark}
24/10/13 12:58:56 INFO ContextHandler: Started o.s.j.s.ServletContextHandler@1a77cc49{/stages/stage,null,AVAILABLE,@Spark}
24/10/13 12:58:56 INFO ContextHandler: Started o.s.j.s.ServletContextHandler@3aac7b1{/stages/stage/json,null,AVAILABLE,@Spark}
24/10/13 12:58:56 INFO ContextHandler: Started o.s.j.s.ServletContextHandler@1d2786c3{/stages/pool,null,AVAILABLE,@Spark}
24/10/13 12:58:56 INFO ContextHandler: Started o.s.j.s.ServletContextHandler@3597e4b6{/stages/pool/json,null,AVAILABLE,@Spark}
24/10/13 12:58:56 INFO ContextHandler: Started o.s.j.s.ServletContextHandler@70fdb061{/storage,null,AVAILABLE,@Spark}
24/10/13 12:58:56 INFO ContextHandler: Started o.s.j.s.ServletContextHandler@335b38d2{/storage/json,null,AVAILABLE,@Spark}
24/10/13 12:58:56 INFO ContextHandler: Started o.s.j.s.ServletContextHandler@16e58198{/storage/rdd,null,AVAILABLE,@Spark}
24/10/13 12:58:56 INFO ContextHandler: Started o.s.j.s.ServletContextHandler@5b1ea2a6{/storage/rdd/json,null,AVAILABLE,@Spark}
24/10/13 12:58:56 INFO ContextHandler: Started o.s.j.s.ServletContextHandler@58c3f4a1{/environment,null,AVAILABLE,@Spark}
24/10/13 12:58:56 INFO ContextHandler: Started o.s.j.s.ServletContextHandler@b7d9d4e{/environment/json,null,AVAILABLE,@Spark}
24/10/13 12:58:56 INFO ContextHandler: Started o.s.j.s.ServletContextHandler@2cad8a37{/executors,null,AVAILABLE,@Spark}
24/10/13 12:58:56 INFO ContextHandler: Started o.s.j.s.ServletContextHandler@2e663afa{/executors/json,null,AVAILABLE,@Spark}
24/10/13 12:58:56 INFO ContextHandler: Started o.s.j.s.ServletContextHandler@6535d45c{/executors/threadDump,null,AVAILABLE,@Spark}
24/10/13 12:58:56 INFO ContextHandler: Started o.s.j.s.ServletContextHandler@1bd5c52{/executors/threadDump/json,null,AVAILABLE,@Spark}
24/10/13 12:58:56 INFO ContextHandler: Started o.s.j.s.ServletContextHandler@277252be{/static,null,AVAILABLE,@Spark}
24/10/13 12:58:56 INFO ContextHandler: Started o.s.j.s.ServletContextHandler@156277d7{/,null,AVAILABLE,@Spark}
24/10/13 12:58:56 INFO ContextHandler: Started o.s.j.s.ServletContextHandler@30beb5a9{/api,null,AVAILABLE,@Spark}
24/10/13 12:58:56 INFO ContextHandler: Started o.s.j.s.ServletContextHandler@2655243f{/jobs/job/kill,null,AVAILABLE,@Spark}
24/10/13 12:58:56 INFO ContextHandler: Started o.s.j.s.ServletContextHandler@54b6facf{/stages/stage/kill,null,AVAILABLE,@Spark}
24/10/13 12:58:56 INFO SparkUI: Bound SparkUI to 0.0.0.0, and started at http://10.0.2.6:4040
24/10/13 12:58:56 INFO SparkContext: Added file file:/home/david/Documents/BigData/python/Project1/src/main/resources/properties/log4j.properties at file:/home/david/Documents/BigData/python/Project1/src/main/resources/properties/log4j.properties with timestamp 1728817136402
24/10/13 12:58:56 INFO Utils: Copying /home/david/Documents/BigData/python/Project1/src/main/resources/properties/log4j.properties to /tmp/spark-87f4eb23-1686-4b8f-979f-87e3ce334da0/userFiles-96ef287a-07cc-4ff0-8a7d-c984a7ef65f7/log4j.properties
24/10/13 12:58:56 INFO SparkContext: Added file file:/home/david/Documents/BigData/python/Project1/src/main/resources/code/project1.py at file:/home/david/Documents/BigData/python/Project1/src/main/resources/code/project1.py with timestamp 1728817136415
24/10/13 12:58:56 INFO Utils: Copying /home/david/Documents/BigData/python/Project1/src/main/resources/code/project1.py to /tmp/spark-87f4eb23-1686-4b8f-979f-87e3ce334da0/userFiles-96ef287a-07cc-4ff0-8a7d-c984a7ef65f7/project1.py
24/10/13 12:58:56 INFO Executor: Starting executor ID driver on host localhost
24/10/13 12:58:56 INFO Utils: Successfully started service 'org.apache.spark.network.netty.NettyBlockTransferService' on port 37127.
24/10/13 12:58:56 INFO NettyBlockTransferService: Server created on 10.0.2.6:37127
24/10/13 12:58:56 INFO BlockManager: Using org.apache.spark.storage.RandomBlockReplicationPolicy for block replication policy
24/10/13 12:58:56 INFO BlockManagerMaster: Registering BlockManager BlockManagerId(driver, 10.0.2.6, 37127, None)
24/10/13 12:58:56 INFO BlockManagerMasterEndpoint: Registering block manager 10.0.2.6:37127 with 366.3 MB RAM, BlockManagerId(driver, 10.0.2.6, 37127, None)
24/10/13 12:58:56 INFO BlockManagerMaster: Registered BlockManager BlockManagerId(driver, 10.0.2.6, 37127, None)
24/10/13 12:58:56 INFO BlockManager: Initialized BlockManager: BlockManagerId(driver, 10.0.2.6, 37127, None)
24/10/13 12:58:56 INFO ContextHandler: Started o.s.j.s.ServletContextHandler@a37655f{/metrics/json,null,AVAILABLE,@Spark}
24/10/13 12:58:56 INFO SharedState: Setting hive.metastore.warehouse.dir ('null') to the value of spark.sql.warehouse.dir ('file:/home/david/Documents/BigData/python/Project1/spark-warehouse/').
24/10/13 12:58:56 INFO SharedState: Warehouse path is 'file:/home/david/Documents/BigData/python/Project1/spark-warehouse/'.
24/10/13 12:58:56 INFO ContextHandler: Started o.s.j.s.ServletContextHandler@40ece6d4{/SQL,null,AVAILABLE,@Spark}
24/10/13 12:58:56 INFO ContextHandler: Started o.s.j.s.ServletContextHandler@4274aa68{/SQL/json,null,AVAILABLE,@Spark}
24/10/13 12:58:56 INFO ContextHandler: Started o.s.j.s.ServletContextHandler@4d96667e{/SQL/execution,null,AVAILABLE,@Spark}
24/10/13 12:58:56 INFO ContextHandler: Started o.s.j.s.ServletContextHandler@5302ad17{/SQL/execution/json,null,AVAILABLE,@Spark}
24/10/13 12:58:56 INFO ContextHandler: Started o.s.j.s.ServletContextHandler@7cd378f3{/static/sql,null,AVAILABLE,@Spark}
24/10/13 12:58:57 INFO StateStoreCoordinatorRef: Registered StateStoreCoordinator endpoint
24/10/13 12:58:59 INFO FileSourceStrategy: Pruning directories with: 
24/10/13 12:58:59 INFO FileSourceStrategy: Post-Scan Filters: (length(trim(value#0)) > 0)
24/10/13 12:58:59 INFO FileSourceStrategy: Output Data Schema: struct<value: string>
24/10/13 12:58:59 INFO FileSourceScanExec: Pushed Filters: 
24/10/13 12:58:59 INFO CodeGenerator: Code generated in 84.535445 ms
24/10/13 12:58:59 INFO MemoryStore: Block broadcast_0 stored as values in memory (estimated size 278.9 KB, free 366.0 MB)
24/10/13 12:58:59 INFO MemoryStore: Block broadcast_0_piece0 stored as bytes in memory (estimated size 23.7 KB, free 366.0 MB)
24/10/13 12:58:59 INFO BlockManagerInfo: Added broadcast_0_piece0 in memory on 10.0.2.6:37127 (size: 23.7 KB, free: 366.3 MB)
24/10/13 12:58:59 INFO SparkContext: Created broadcast 0 from csv at NativeMethodAccessorImpl.java:0
24/10/13 12:58:59 INFO FileSourceScanExec: Planning scan with bin packing, max size: 4194304 bytes, open cost is considered as scanning 4194304 bytes.
24/10/13 12:59:00 INFO SparkContext: Starting job: csv at NativeMethodAccessorImpl.java:0
24/10/13 12:59:00 INFO DAGScheduler: Got job 0 (csv at NativeMethodAccessorImpl.java:0) with 1 output partitions
24/10/13 12:59:00 INFO DAGScheduler: Final stage: ResultStage 0 (csv at NativeMethodAccessorImpl.java:0)
24/10/13 12:59:00 INFO DAGScheduler: Parents of final stage: List()
24/10/13 12:59:00 INFO DAGScheduler: Missing parents: List()
24/10/13 12:59:00 INFO DAGScheduler: Submitting ResultStage 0 (MapPartitionsRDD[2] at csv at NativeMethodAccessorImpl.java:0), which has no missing parents
24/10/13 12:59:00 INFO MemoryStore: Block broadcast_1 stored as values in memory (estimated size 8.2 KB, free 366.0 MB)
24/10/13 12:59:00 INFO MemoryStore: Block broadcast_1_piece0 stored as bytes in memory (estimated size 4.3 KB, free 366.0 MB)
24/10/13 12:59:00 INFO BlockManagerInfo: Added broadcast_1_piece0 in memory on 10.0.2.6:37127 (size: 4.3 KB, free: 366.3 MB)
24/10/13 12:59:00 INFO SparkContext: Created broadcast 1 from broadcast at DAGScheduler.scala:1006
24/10/13 12:59:00 INFO DAGScheduler: Submitting 1 missing tasks from ResultStage 0 (MapPartitionsRDD[2] at csv at NativeMethodAccessorImpl.java:0) (first 15 tasks are for partitions Vector(0))
24/10/13 12:59:00 INFO TaskSchedulerImpl: Adding task set 0.0 with 1 tasks
24/10/13 12:59:00 INFO TaskSetManager: Starting task 0.0 in stage 0.0 (TID 0, localhost, executor driver, partition 0, PROCESS_LOCAL, 5316 bytes)
24/10/13 12:59:00 INFO Executor: Running task 0.0 in stage 0.0 (TID 0)
24/10/13 12:59:00 INFO Executor: Fetching file:/home/david/Documents/BigData/python/Project1/src/main/resources/code/project1.py with timestamp 1728817136415
24/10/13 12:59:00 INFO Utils: /home/david/Documents/BigData/python/Project1/src/main/resources/code/project1.py has been previously copied to /tmp/spark-87f4eb23-1686-4b8f-979f-87e3ce334da0/userFiles-96ef287a-07cc-4ff0-8a7d-c984a7ef65f7/project1.py
24/10/13 12:59:00 INFO Executor: Fetching file:/home/david/Documents/BigData/python/Project1/src/main/resources/properties/log4j.properties with timestamp 1728817136402
24/10/13 12:59:00 INFO Utils: /home/david/Documents/BigData/python/Project1/src/main/resources/properties/log4j.properties has been previously copied to /tmp/spark-87f4eb23-1686-4b8f-979f-87e3ce334da0/userFiles-96ef287a-07cc-4ff0-8a7d-c984a7ef65f7/log4j.properties
24/10/13 12:59:00 INFO FileScanRDD: Reading File path: file:///home/david/Documents/BigData/python/Project1/files/input_files/iris.csv, range: 0-4608, partition values: [empty row]
24/10/13 12:59:00 INFO CodeGenerator: Code generated in 7.628461 ms
24/10/13 12:59:00 INFO Executor: Finished task 0.0 in stage 0.0 (TID 0). 1308 bytes result sent to driver
24/10/13 12:59:00 INFO TaskSetManager: Finished task 0.0 in stage 0.0 (TID 0) in 152 ms on localhost (executor driver) (1/1)
24/10/13 12:59:00 INFO TaskSchedulerImpl: Removed TaskSet 0.0, whose tasks have all completed, from pool 
24/10/13 12:59:00 INFO DAGScheduler: ResultStage 0 (csv at NativeMethodAccessorImpl.java:0) finished in 0.163 s
24/10/13 12:59:00 INFO DAGScheduler: Job 0 finished: csv at NativeMethodAccessorImpl.java:0, took 0.248022 s
24/10/13 12:59:00 INFO CodeGenerator: Code generated in 16.533546 ms
24/10/13 12:59:00 INFO FileSourceStrategy: Pruning directories with: 
24/10/13 12:59:00 INFO FileSourceStrategy: Post-Scan Filters: 
24/10/13 12:59:00 INFO FileSourceStrategy: Output Data Schema: struct<value: string>
24/10/13 12:59:00 INFO FileSourceScanExec: Pushed Filters: 
24/10/13 12:59:00 INFO CodeGenerator: Code generated in 3.648569 ms
24/10/13 12:59:00 INFO MemoryStore: Block broadcast_2 stored as values in memory (estimated size 278.9 KB, free 365.7 MB)
24/10/13 12:59:00 INFO MemoryStore: Block broadcast_2_piece0 stored as bytes in memory (estimated size 23.7 KB, free 365.7 MB)
24/10/13 12:59:00 INFO BlockManagerInfo: Added broadcast_2_piece0 in memory on 10.0.2.6:37127 (size: 23.7 KB, free: 366.2 MB)
24/10/13 12:59:00 INFO SparkContext: Created broadcast 2 from csv at NativeMethodAccessorImpl.java:0
24/10/13 12:59:00 INFO FileSourceScanExec: Planning scan with bin packing, max size: 4194304 bytes, open cost is considered as scanning 4194304 bytes.
24/10/13 12:59:00 INFO SparkContext: Starting job: csv at NativeMethodAccessorImpl.java:0
24/10/13 12:59:00 INFO DAGScheduler: Got job 1 (csv at NativeMethodAccessorImpl.java:0) with 1 output partitions
24/10/13 12:59:00 INFO DAGScheduler: Final stage: ResultStage 1 (csv at NativeMethodAccessorImpl.java:0)
24/10/13 12:59:00 INFO DAGScheduler: Parents of final stage: List()
24/10/13 12:59:00 INFO DAGScheduler: Missing parents: List()
24/10/13 12:59:00 INFO DAGScheduler: Submitting ResultStage 1 (MapPartitionsRDD[7] at csv at NativeMethodAccessorImpl.java:0), which has no missing parents
24/10/13 12:59:00 INFO MemoryStore: Block broadcast_3 stored as values in memory (estimated size 14.1 KB, free 365.7 MB)
24/10/13 12:59:00 INFO MemoryStore: Block broadcast_3_piece0 stored as bytes in memory (estimated size 8.0 KB, free 365.7 MB)
24/10/13 12:59:00 INFO BlockManagerInfo: Added broadcast_3_piece0 in memory on 10.0.2.6:37127 (size: 8.0 KB, free: 366.2 MB)
24/10/13 12:59:00 INFO SparkContext: Created broadcast 3 from broadcast at DAGScheduler.scala:1006
24/10/13 12:59:00 INFO DAGScheduler: Submitting 1 missing tasks from ResultStage 1 (MapPartitionsRDD[7] at csv at NativeMethodAccessorImpl.java:0) (first 15 tasks are for partitions Vector(0))
24/10/13 12:59:00 INFO TaskSchedulerImpl: Adding task set 1.0 with 1 tasks
24/10/13 12:59:00 INFO TaskSetManager: Starting task 0.0 in stage 1.0 (TID 1, localhost, executor driver, partition 0, PROCESS_LOCAL, 5316 bytes)
24/10/13 12:59:00 INFO Executor: Running task 0.0 in stage 1.0 (TID 1)
24/10/13 12:59:00 INFO FileScanRDD: Reading File path: file:///home/david/Documents/BigData/python/Project1/files/input_files/iris.csv, range: 0-4608, partition values: [empty row]
24/10/13 12:59:00 INFO Executor: Finished task 0.0 in stage 1.0 (TID 1). 1581 bytes result sent to driver
24/10/13 12:59:00 INFO TaskSetManager: Finished task 0.0 in stage 1.0 (TID 1) in 20 ms on localhost (executor driver) (1/1)
24/10/13 12:59:00 INFO TaskSchedulerImpl: Removed TaskSet 1.0, whose tasks have all completed, from pool 
24/10/13 12:59:00 INFO DAGScheduler: ResultStage 1 (csv at NativeMethodAccessorImpl.java:0) finished in 0.021 s
24/10/13 12:59:00 INFO DAGScheduler: Job 1 finished: csv at NativeMethodAccessorImpl.java:0, took 0.027858 s
24/10/13 12:59:00 INFO FileSourceStrategy: Pruning directories with: 
24/10/13 12:59:00 INFO FileSourceStrategy: Post-Scan Filters: 
24/10/13 12:59:00 INFO FileSourceStrategy: Output Data Schema: struct<>
24/10/13 12:59:00 INFO FileSourceScanExec: Pushed Filters: 
24/10/13 12:59:00 INFO CodeGenerator: Code generated in 5.391446 ms
24/10/13 12:59:00 INFO CodeGenerator: Code generated in 4.861195 ms
24/10/13 12:59:00 INFO MemoryStore: Block broadcast_4 stored as values in memory (estimated size 279.2 KB, free 365.4 MB)
24/10/13 12:59:00 INFO MemoryStore: Block broadcast_4_piece0 stored as bytes in memory (estimated size 23.8 KB, free 365.4 MB)
24/10/13 12:59:00 INFO BlockManagerInfo: Added broadcast_4_piece0 in memory on 10.0.2.6:37127 (size: 23.8 KB, free: 366.2 MB)
24/10/13 12:59:00 INFO SparkContext: Created broadcast 4 from count at NativeMethodAccessorImpl.java:0
24/10/13 12:59:00 INFO FileSourceScanExec: Planning scan with bin packing, max size: 4194304 bytes, open cost is considered as scanning 4194304 bytes.
24/10/13 12:59:00 INFO SparkContext: Starting job: count at NativeMethodAccessorImpl.java:0
24/10/13 12:59:00 INFO DAGScheduler: Registering RDD 10 (count at NativeMethodAccessorImpl.java:0)
24/10/13 12:59:00 INFO DAGScheduler: Got job 2 (count at NativeMethodAccessorImpl.java:0) with 1 output partitions
24/10/13 12:59:00 INFO DAGScheduler: Final stage: ResultStage 3 (count at NativeMethodAccessorImpl.java:0)
24/10/13 12:59:00 INFO DAGScheduler: Parents of final stage: List(ShuffleMapStage 2)
24/10/13 12:59:00 INFO DAGScheduler: Missing parents: List(ShuffleMapStage 2)
24/10/13 12:59:00 INFO DAGScheduler: Submitting ShuffleMapStage 2 (MapPartitionsRDD[10] at count at NativeMethodAccessorImpl.java:0), which has no missing parents
24/10/13 12:59:00 INFO MemoryStore: Block broadcast_5 stored as values in memory (estimated size 13.6 KB, free 365.4 MB)
24/10/13 12:59:00 INFO MemoryStore: Block broadcast_5_piece0 stored as bytes in memory (estimated size 7.6 KB, free 365.4 MB)
24/10/13 12:59:00 INFO BlockManagerInfo: Added broadcast_5_piece0 in memory on 10.0.2.6:37127 (size: 7.6 KB, free: 366.2 MB)
24/10/13 12:59:00 INFO SparkContext: Created broadcast 5 from broadcast at DAGScheduler.scala:1006
24/10/13 12:59:00 INFO DAGScheduler: Submitting 1 missing tasks from ShuffleMapStage 2 (MapPartitionsRDD[10] at count at NativeMethodAccessorImpl.java:0) (first 15 tasks are for partitions Vector(0))
24/10/13 12:59:00 INFO TaskSchedulerImpl: Adding task set 2.0 with 1 tasks
24/10/13 12:59:00 INFO TaskSetManager: Starting task 0.0 in stage 2.0 (TID 2, localhost, executor driver, partition 0, PROCESS_LOCAL, 5305 bytes)
24/10/13 12:59:00 INFO Executor: Running task 0.0 in stage 2.0 (TID 2)
24/10/13 12:59:00 INFO FileScanRDD: Reading File path: file:///home/david/Documents/BigData/python/Project1/files/input_files/iris.csv, range: 0-4608, partition values: [empty row]
24/10/13 12:59:00 INFO CodeGenerator: Code generated in 2.913386 ms
24/10/13 12:59:00 INFO Executor: Finished task 0.0 in stage 2.0 (TID 2). 1627 bytes result sent to driver
24/10/13 12:59:00 INFO TaskSetManager: Finished task 0.0 in stage 2.0 (TID 2) in 40 ms on localhost (executor driver) (1/1)
24/10/13 12:59:00 INFO TaskSchedulerImpl: Removed TaskSet 2.0, whose tasks have all completed, from pool 
24/10/13 12:59:00 INFO DAGScheduler: ShuffleMapStage 2 (count at NativeMethodAccessorImpl.java:0) finished in 0.041 s
24/10/13 12:59:00 INFO DAGScheduler: looking for newly runnable stages
24/10/13 12:59:00 INFO DAGScheduler: running: Set()
24/10/13 12:59:00 INFO DAGScheduler: waiting: Set(ResultStage 3)
24/10/13 12:59:00 INFO DAGScheduler: failed: Set()
24/10/13 12:59:00 INFO DAGScheduler: Submitting ResultStage 3 (MapPartitionsRDD[13] at count at NativeMethodAccessorImpl.java:0), which has no missing parents
24/10/13 12:59:00 INFO MemoryStore: Block broadcast_6 stored as values in memory (estimated size 7.0 KB, free 365.4 MB)
24/10/13 12:59:00 INFO MemoryStore: Block broadcast_6_piece0 stored as bytes in memory (estimated size 3.7 KB, free 365.3 MB)
24/10/13 12:59:00 INFO BlockManagerInfo: Added broadcast_6_piece0 in memory on 10.0.2.6:37127 (size: 3.7 KB, free: 366.2 MB)
24/10/13 12:59:00 INFO SparkContext: Created broadcast 6 from broadcast at DAGScheduler.scala:1006
24/10/13 12:59:00 INFO DAGScheduler: Submitting 1 missing tasks from ResultStage 3 (MapPartitionsRDD[13] at count at NativeMethodAccessorImpl.java:0) (first 15 tasks are for partitions Vector(0))
24/10/13 12:59:00 INFO TaskSchedulerImpl: Adding task set 3.0 with 1 tasks
24/10/13 12:59:00 INFO TaskSetManager: Starting task 0.0 in stage 3.0 (TID 3, localhost, executor driver, partition 0, ANY, 4726 bytes)
24/10/13 12:59:00 INFO Executor: Running task 0.0 in stage 3.0 (TID 3)
24/10/13 12:59:00 INFO ShuffleBlockFetcherIterator: Getting 1 non-empty blocks out of 1 blocks
24/10/13 12:59:00 INFO ShuffleBlockFetcherIterator: Started 0 remote fetches in 3 ms
24/10/13 12:59:00 INFO Executor: Finished task 0.0 in stage 3.0 (TID 3). 1581 bytes result sent to driver
24/10/13 12:59:00 INFO TaskSetManager: Finished task 0.0 in stage 3.0 (TID 3) in 19 ms on localhost (executor driver) (1/1)
24/10/13 12:59:00 INFO TaskSchedulerImpl: Removed TaskSet 3.0, whose tasks have all completed, from pool 
24/10/13 12:59:00 INFO DAGScheduler: ResultStage 3 (count at NativeMethodAccessorImpl.java:0) finished in 0.019 s
24/10/13 12:59:00 INFO DAGScheduler: Job 2 finished: count at NativeMethodAccessorImpl.java:0, took 0.081681 s
24/10/13 12:59:00 INFO FileSourceStrategy: Pruning directories with: 
24/10/13 12:59:00 INFO FileSourceStrategy: Post-Scan Filters: isnotnull(petal_length#14),(petal_length#14 > 2.0)
24/10/13 12:59:00 INFO FileSourceStrategy: Output Data Schema: struct<petal_length: double, species: string>
24/10/13 12:59:00 INFO FileSourceScanExec: Pushed Filters: IsNotNull(petal_length),GreaterThan(petal_length,2.0)
24/10/13 12:59:00 INFO CodeGenerator: Code generated in 10.678477 ms
24/10/13 12:59:00 INFO CodeGenerator: Code generated in 6.736879 ms
24/10/13 12:59:00 INFO MemoryStore: Block broadcast_7 stored as values in memory (estimated size 279.2 KB, free 365.1 MB)
24/10/13 12:59:00 INFO MemoryStore: Block broadcast_7_piece0 stored as bytes in memory (estimated size 23.8 KB, free 365.1 MB)
24/10/13 12:59:00 INFO BlockManagerInfo: Added broadcast_7_piece0 in memory on 10.0.2.6:37127 (size: 23.8 KB, free: 366.2 MB)
24/10/13 12:59:00 INFO SparkContext: Created broadcast 7 from count at NativeMethodAccessorImpl.java:0
24/10/13 12:59:00 INFO FileSourceScanExec: Planning scan with bin packing, max size: 4194304 bytes, open cost is considered as scanning 4194304 bytes.
24/10/13 12:59:00 INFO CodeGenerator: Code generated in 8.438866 ms
24/10/13 12:59:00 INFO SparkContext: Starting job: count at NativeMethodAccessorImpl.java:0
24/10/13 12:59:00 INFO DAGScheduler: Got job 3 (count at NativeMethodAccessorImpl.java:0) with 1 output partitions
24/10/13 12:59:00 INFO DAGScheduler: Final stage: ResultStage 4 (count at NativeMethodAccessorImpl.java:0)
24/10/13 12:59:00 INFO DAGScheduler: Parents of final stage: List()
24/10/13 12:59:00 INFO DAGScheduler: Missing parents: List()
24/10/13 12:59:00 INFO DAGScheduler: Submitting ResultStage 4 (MapPartitionsRDD[18] at count at NativeMethodAccessorImpl.java:0), which has no missing parents
24/10/13 12:59:00 INFO MemoryStore: Block broadcast_8 stored as values in memory (estimated size 13.2 KB, free 365.0 MB)
24/10/13 12:59:00 INFO MemoryStore: Block broadcast_8_piece0 stored as bytes in memory (estimated size 7.3 KB, free 365.0 MB)
24/10/13 12:59:00 INFO BlockManagerInfo: Added broadcast_8_piece0 in memory on 10.0.2.6:37127 (size: 7.3 KB, free: 366.2 MB)
24/10/13 12:59:00 INFO SparkContext: Created broadcast 8 from broadcast at DAGScheduler.scala:1006
24/10/13 12:59:00 INFO DAGScheduler: Submitting 1 missing tasks from ResultStage 4 (MapPartitionsRDD[18] at count at NativeMethodAccessorImpl.java:0) (first 15 tasks are for partitions Vector(0))
24/10/13 12:59:00 INFO TaskSchedulerImpl: Adding task set 4.0 with 1 tasks
24/10/13 12:59:00 INFO TaskSetManager: Starting task 0.0 in stage 4.0 (TID 4, localhost, executor driver, partition 0, PROCESS_LOCAL, 5316 bytes)
24/10/13 12:59:00 INFO Executor: Running task 0.0 in stage 4.0 (TID 4)
24/10/13 12:59:00 INFO FileScanRDD: Reading File path: file:///home/david/Documents/BigData/python/Project1/files/input_files/iris.csv, range: 0-4608, partition values: [empty row]
24/10/13 12:59:00 INFO CodeGenerator: Code generated in 6.307979 ms
24/10/13 12:59:00 INFO Executor: Finished task 0.0 in stage 4.0 (TID 4). 7365 bytes result sent to driver
24/10/13 12:59:00 INFO TaskSetManager: Finished task 0.0 in stage 4.0 (TID 4) in 26 ms on localhost (executor driver) (1/1)
24/10/13 12:59:00 INFO TaskSchedulerImpl: Removed TaskSet 4.0, whose tasks have all completed, from pool 
24/10/13 12:59:00 INFO DAGScheduler: ResultStage 4 (count at NativeMethodAccessorImpl.java:0) finished in 0.027 s
24/10/13 12:59:00 INFO DAGScheduler: Job 3 finished: count at NativeMethodAccessorImpl.java:0, took 0.039182 s
24/10/13 12:59:00 INFO SparkContext: Starting job: count at NativeMethodAccessorImpl.java:0
24/10/13 12:59:00 INFO DAGScheduler: Registering RDD 19 (count at NativeMethodAccessorImpl.java:0)
24/10/13 12:59:00 INFO DAGScheduler: Registering RDD 22 (count at NativeMethodAccessorImpl.java:0)
24/10/13 12:59:00 INFO DAGScheduler: Got job 4 (count at NativeMethodAccessorImpl.java:0) with 1 output partitions
24/10/13 12:59:00 INFO DAGScheduler: Final stage: ResultStage 7 (count at NativeMethodAccessorImpl.java:0)
24/10/13 12:59:00 INFO DAGScheduler: Parents of final stage: List(ShuffleMapStage 6)
24/10/13 12:59:00 INFO DAGScheduler: Missing parents: List(ShuffleMapStage 6)
24/10/13 12:59:00 INFO DAGScheduler: Submitting ShuffleMapStage 5 (MapPartitionsRDD[19] at count at NativeMethodAccessorImpl.java:0), which has no missing parents
24/10/13 12:59:00 INFO MemoryStore: Block broadcast_9 stored as values in memory (estimated size 17.5 KB, free 365.0 MB)
24/10/13 12:59:00 INFO MemoryStore: Block broadcast_9_piece0 stored as bytes in memory (estimated size 8.7 KB, free 365.0 MB)
24/10/13 12:59:00 INFO BlockManagerInfo: Added broadcast_9_piece0 in memory on 10.0.2.6:37127 (size: 8.7 KB, free: 366.2 MB)
24/10/13 12:59:00 INFO SparkContext: Created broadcast 9 from broadcast at DAGScheduler.scala:1006
24/10/13 12:59:00 INFO DAGScheduler: Submitting 1 missing tasks from ShuffleMapStage 5 (MapPartitionsRDD[19] at count at NativeMethodAccessorImpl.java:0) (first 15 tasks are for partitions Vector(0))
24/10/13 12:59:00 INFO TaskSchedulerImpl: Adding task set 5.0 with 1 tasks
24/10/13 12:59:00 INFO TaskSetManager: Starting task 0.0 in stage 5.0 (TID 5, localhost, executor driver, partition 0, PROCESS_LOCAL, 5305 bytes)
24/10/13 12:59:00 INFO Executor: Running task 0.0 in stage 5.0 (TID 5)
24/10/13 12:59:00 INFO FileScanRDD: Reading File path: file:///home/david/Documents/BigData/python/Project1/files/input_files/iris.csv, range: 0-4608, partition values: [empty row]
24/10/13 12:59:00 INFO Executor: Finished task 0.0 in stage 5.0 (TID 5). 1527 bytes result sent to driver
24/10/13 12:59:00 INFO TaskSetManager: Finished task 0.0 in stage 5.0 (TID 5) in 41 ms on localhost (executor driver) (1/1)
24/10/13 12:59:00 INFO TaskSchedulerImpl: Removed TaskSet 5.0, whose tasks have all completed, from pool 
24/10/13 12:59:00 INFO DAGScheduler: ShuffleMapStage 5 (count at NativeMethodAccessorImpl.java:0) finished in 0.043 s
24/10/13 12:59:00 INFO DAGScheduler: looking for newly runnable stages
24/10/13 12:59:00 INFO DAGScheduler: running: Set()
24/10/13 12:59:00 INFO DAGScheduler: waiting: Set(ShuffleMapStage 6, ResultStage 7)
24/10/13 12:59:00 INFO DAGScheduler: failed: Set()
24/10/13 12:59:00 INFO DAGScheduler: Submitting ShuffleMapStage 6 (MapPartitionsRDD[22] at count at NativeMethodAccessorImpl.java:0), which has no missing parents
24/10/13 12:59:00 INFO MemoryStore: Block broadcast_10 stored as values in memory (estimated size 23.9 KB, free 365.0 MB)
24/10/13 12:59:00 INFO MemoryStore: Block broadcast_10_piece0 stored as bytes in memory (estimated size 12.2 KB, free 365.0 MB)
24/10/13 12:59:00 INFO BlockManagerInfo: Added broadcast_10_piece0 in memory on 10.0.2.6:37127 (size: 12.2 KB, free: 366.2 MB)
24/10/13 12:59:00 INFO SparkContext: Created broadcast 10 from broadcast at DAGScheduler.scala:1006
24/10/13 12:59:00 INFO DAGScheduler: Submitting 40 missing tasks from ShuffleMapStage 6 (MapPartitionsRDD[22] at count at NativeMethodAccessorImpl.java:0) (first 15 tasks are for partitions Vector(0, 1, 2, 3, 4, 5, 6, 7, 8, 9, 10, 11, 12, 13, 14))
24/10/13 12:59:00 INFO TaskSchedulerImpl: Adding task set 6.0 with 40 tasks
24/10/13 12:59:00 INFO TaskSetManager: Starting task 39.0 in stage 6.0 (TID 6, localhost, executor driver, partition 39, PROCESS_LOCAL, 4715 bytes)
24/10/13 12:59:00 INFO TaskSetManager: Starting task 0.0 in stage 6.0 (TID 7, localhost, executor driver, partition 0, ANY, 4715 bytes)
24/10/13 12:59:00 INFO TaskSetManager: Starting task 1.0 in stage 6.0 (TID 8, localhost, executor driver, partition 1, ANY, 4715 bytes)
24/10/13 12:59:00 INFO TaskSetManager: Starting task 2.0 in stage 6.0 (TID 9, localhost, executor driver, partition 2, ANY, 4715 bytes)
24/10/13 12:59:00 INFO TaskSetManager: Starting task 3.0 in stage 6.0 (TID 10, localhost, executor driver, partition 3, ANY, 4715 bytes)
24/10/13 12:59:00 INFO TaskSetManager: Starting task 4.0 in stage 6.0 (TID 11, localhost, executor driver, partition 4, ANY, 4715 bytes)
24/10/13 12:59:00 INFO TaskSetManager: Starting task 5.0 in stage 6.0 (TID 12, localhost, executor driver, partition 5, ANY, 4715 bytes)
24/10/13 12:59:00 INFO TaskSetManager: Starting task 6.0 in stage 6.0 (TID 13, localhost, executor driver, partition 6, ANY, 4715 bytes)
24/10/13 12:59:00 INFO TaskSetManager: Starting task 7.0 in stage 6.0 (TID 14, localhost, executor driver, partition 7, ANY, 4715 bytes)
24/10/13 12:59:00 INFO TaskSetManager: Starting task 8.0 in stage 6.0 (TID 15, localhost, executor driver, partition 8, ANY, 4715 bytes)
24/10/13 12:59:00 INFO Executor: Running task 39.0 in stage 6.0 (TID 6)
24/10/13 12:59:00 INFO Executor: Running task 0.0 in stage 6.0 (TID 7)
24/10/13 12:59:00 INFO Executor: Running task 1.0 in stage 6.0 (TID 8)
24/10/13 12:59:00 INFO ShuffleBlockFetcherIterator: Getting 0 non-empty blocks out of 1 blocks
24/10/13 12:59:00 INFO ShuffleBlockFetcherIterator: Started 0 remote fetches in 0 ms
24/10/13 12:59:00 INFO Executor: Running task 4.0 in stage 6.0 (TID 11)
24/10/13 12:59:00 INFO Executor: Running task 5.0 in stage 6.0 (TID 12)
24/10/13 12:59:00 INFO Executor: Running task 2.0 in stage 6.0 (TID 9)
24/10/13 12:59:00 INFO Executor: Running task 6.0 in stage 6.0 (TID 13)
24/10/13 12:59:00 INFO Executor: Running task 7.0 in stage 6.0 (TID 14)
24/10/13 12:59:00 INFO Executor: Running task 3.0 in stage 6.0 (TID 10)
24/10/13 12:59:00 INFO ShuffleBlockFetcherIterator: Getting 1 non-empty blocks out of 1 blocks
24/10/13 12:59:00 INFO ShuffleBlockFetcherIterator: Started 0 remote fetches in 1 ms
24/10/13 12:59:00 INFO ShuffleBlockFetcherIterator: Getting 1 non-empty blocks out of 1 blocks
24/10/13 12:59:00 INFO ShuffleBlockFetcherIterator: Started 0 remote fetches in 0 ms
24/10/13 12:59:00 INFO Executor: Running task 8.0 in stage 6.0 (TID 15)
24/10/13 12:59:00 INFO ShuffleBlockFetcherIterator: Getting 1 non-empty blocks out of 1 blocks
24/10/13 12:59:00 INFO ShuffleBlockFetcherIterator: Started 0 remote fetches in 5 ms
24/10/13 12:59:00 INFO ShuffleBlockFetcherIterator: Getting 1 non-empty blocks out of 1 blocks
24/10/13 12:59:00 INFO ShuffleBlockFetcherIterator: Started 0 remote fetches in 0 ms
24/10/13 12:59:00 INFO ShuffleBlockFetcherIterator: Getting 1 non-empty blocks out of 1 blocks
24/10/13 12:59:00 INFO ShuffleBlockFetcherIterator: Started 0 remote fetches in 6 ms
24/10/13 12:59:00 INFO ShuffleBlockFetcherIterator: Getting 1 non-empty blocks out of 1 blocks
24/10/13 12:59:00 INFO ContextCleaner: Cleaned accumulator 149
24/10/13 12:59:00 INFO ContextCleaner: Cleaned accumulator 148
24/10/13 12:59:00 INFO ShuffleBlockFetcherIterator: Started 0 remote fetches in 14 ms
24/10/13 12:59:00 INFO ShuffleBlockFetcherIterator: Getting 1 non-empty blocks out of 1 blocks
24/10/13 12:59:00 INFO ContextCleaner: Cleaned accumulator 86
24/10/13 12:59:01 INFO ContextCleaner: Cleaned accumulator 92
24/10/13 12:59:01 INFO ContextCleaner: Cleaned accumulator 91
24/10/13 12:59:01 INFO ContextCleaner: Cleaned accumulator 95
24/10/13 12:59:01 INFO ShuffleBlockFetcherIterator: Started 0 remote fetches in 49 ms
24/10/13 12:59:01 INFO ShuffleBlockFetcherIterator: Getting 1 non-empty blocks out of 1 blocks
24/10/13 12:59:01 INFO ShuffleBlockFetcherIterator: Started 0 remote fetches in 0 ms
24/10/13 12:59:01 INFO ShuffleBlockFetcherIterator: Getting 1 non-empty blocks out of 1 blocks
24/10/13 12:59:01 INFO ShuffleBlockFetcherIterator: Started 0 remote fetches in 1 ms
24/10/13 12:59:01 INFO BlockManagerInfo: Removed broadcast_6_piece0 on 10.0.2.6:37127 in memory (size: 3.7 KB, free: 366.2 MB)
24/10/13 12:59:01 INFO ContextCleaner: Cleaned accumulator 87
24/10/13 12:59:01 INFO ContextCleaner: Cleaned accumulator 88
24/10/13 12:59:01 INFO ContextCleaner: Cleaned accumulator 89
24/10/13 12:59:01 INFO ContextCleaner: Cleaned accumulator 98
24/10/13 12:59:01 INFO ContextCleaner: Cleaned accumulator 93
24/10/13 12:59:01 INFO ContextCleaner: Cleaned accumulator 94
24/10/13 12:59:01 INFO BlockManagerInfo: Removed broadcast_1_piece0 on 10.0.2.6:37127 in memory (size: 4.3 KB, free: 366.2 MB)
24/10/13 12:59:01 INFO ContextCleaner: Cleaned accumulator 96
24/10/13 12:59:01 INFO CodeGenerator: Code generated in 7.747133 ms
24/10/13 12:59:01 INFO BlockManagerInfo: Removed broadcast_5_piece0 on 10.0.2.6:37127 in memory (size: 7.6 KB, free: 366.2 MB)
24/10/13 12:59:01 INFO ContextCleaner: Cleaned accumulator 99
24/10/13 12:59:01 INFO BlockManagerInfo: Removed broadcast_8_piece0 on 10.0.2.6:37127 in memory (size: 7.3 KB, free: 366.2 MB)
24/10/13 12:59:01 INFO ContextCleaner: Cleaned accumulator 97
24/10/13 12:59:01 INFO ContextCleaner: Cleaned accumulator 84
24/10/13 12:59:01 INFO ContextCleaner: Cleaned shuffle 0
24/10/13 12:59:01 INFO ContextCleaner: Cleaned accumulator 85
24/10/13 12:59:01 INFO ContextCleaner: Cleaned accumulator 90
24/10/13 12:59:01 INFO BlockManagerInfo: Removed broadcast_9_piece0 on 10.0.2.6:37127 in memory (size: 8.7 KB, free: 366.2 MB)
24/10/13 12:59:01 INFO Executor: Finished task 39.0 in stage 6.0 (TID 6). 2790 bytes result sent to driver
24/10/13 12:59:01 INFO Executor: Finished task 0.0 in stage 6.0 (TID 7). 2790 bytes result sent to driver
24/10/13 12:59:01 INFO Executor: Finished task 5.0 in stage 6.0 (TID 12). 2747 bytes result sent to driver
24/10/13 12:59:01 INFO TaskSetManager: Starting task 9.0 in stage 6.0 (TID 16, localhost, executor driver, partition 9, ANY, 4715 bytes)
24/10/13 12:59:01 INFO TaskSetManager: Finished task 39.0 in stage 6.0 (TID 6) in 151 ms on localhost (executor driver) (1/40)
24/10/13 12:59:01 INFO TaskSetManager: Starting task 10.0 in stage 6.0 (TID 17, localhost, executor driver, partition 10, ANY, 4715 bytes)
24/10/13 12:59:01 INFO Executor: Running task 9.0 in stage 6.0 (TID 16)
24/10/13 12:59:01 INFO TaskSetManager: Finished task 0.0 in stage 6.0 (TID 7) in 158 ms on localhost (executor driver) (2/40)
24/10/13 12:59:01 INFO BlockManagerInfo: Removed broadcast_3_piece0 on 10.0.2.6:37127 in memory (size: 8.0 KB, free: 366.2 MB)
24/10/13 12:59:01 INFO Executor: Finished task 4.0 in stage 6.0 (TID 11). 2747 bytes result sent to driver
24/10/13 12:59:01 INFO Executor: Running task 10.0 in stage 6.0 (TID 17)
24/10/13 12:59:01 INFO TaskSetManager: Starting task 11.0 in stage 6.0 (TID 18, localhost, executor driver, partition 11, ANY, 4715 bytes)
24/10/13 12:59:01 INFO BlockManagerInfo: Removed broadcast_4_piece0 on 10.0.2.6:37127 in memory (size: 23.8 KB, free: 366.2 MB)
24/10/13 12:59:01 INFO Executor: Running task 11.0 in stage 6.0 (TID 18)
24/10/13 12:59:01 INFO TaskSetManager: Starting task 12.0 in stage 6.0 (TID 19, localhost, executor driver, partition 12, ANY, 4715 bytes)
24/10/13 12:59:01 INFO Executor: Running task 12.0 in stage 6.0 (TID 19)
24/10/13 12:59:01 INFO TaskSetManager: Finished task 4.0 in stage 6.0 (TID 11) in 193 ms on localhost (executor driver) (3/40)
24/10/13 12:59:01 INFO TaskSetManager: Finished task 5.0 in stage 6.0 (TID 12) in 193 ms on localhost (executor driver) (4/40)
24/10/13 12:59:01 INFO ShuffleBlockFetcherIterator: Getting 1 non-empty blocks out of 1 blocks
24/10/13 12:59:01 INFO ShuffleBlockFetcherIterator: Started 0 remote fetches in 0 ms
24/10/13 12:59:01 INFO Executor: Finished task 3.0 in stage 6.0 (TID 10). 2747 bytes result sent to driver
24/10/13 12:59:01 INFO TaskSetManager: Starting task 13.0 in stage 6.0 (TID 20, localhost, executor driver, partition 13, ANY, 4715 bytes)
24/10/13 12:59:01 INFO TaskSetManager: Finished task 3.0 in stage 6.0 (TID 10) in 200 ms on localhost (executor driver) (5/40)
24/10/13 12:59:01 INFO Executor: Running task 13.0 in stage 6.0 (TID 20)
24/10/13 12:59:01 INFO ShuffleBlockFetcherIterator: Getting 1 non-empty blocks out of 1 blocks
24/10/13 12:59:01 INFO ShuffleBlockFetcherIterator: Getting 1 non-empty blocks out of 1 blocks
24/10/13 12:59:01 INFO Executor: Finished task 6.0 in stage 6.0 (TID 13). 2747 bytes result sent to driver
24/10/13 12:59:01 INFO ShuffleBlockFetcherIterator: Started 0 remote fetches in 2 ms
24/10/13 12:59:01 INFO Executor: Finished task 2.0 in stage 6.0 (TID 9). 2747 bytes result sent to driver
24/10/13 12:59:01 INFO TaskSetManager: Starting task 14.0 in stage 6.0 (TID 21, localhost, executor driver, partition 14, ANY, 4715 bytes)
24/10/13 12:59:01 INFO ShuffleBlockFetcherIterator: Getting 1 non-empty blocks out of 1 blocks
24/10/13 12:59:01 INFO ShuffleBlockFetcherIterator: Started 0 remote fetches in 1 ms
24/10/13 12:59:01 INFO ShuffleBlockFetcherIterator: Started 0 remote fetches in 0 ms
24/10/13 12:59:01 INFO TaskSetManager: Starting task 15.0 in stage 6.0 (TID 22, localhost, executor driver, partition 15, ANY, 4715 bytes)
24/10/13 12:59:01 INFO Executor: Running task 14.0 in stage 6.0 (TID 21)
24/10/13 12:59:01 INFO Executor: Finished task 8.0 in stage 6.0 (TID 15). 2747 bytes result sent to driver
24/10/13 12:59:01 INFO TaskSetManager: Finished task 6.0 in stage 6.0 (TID 13) in 211 ms on localhost (executor driver) (6/40)
24/10/13 12:59:01 INFO Executor: Finished task 7.0 in stage 6.0 (TID 14). 2747 bytes result sent to driver
24/10/13 12:59:01 INFO TaskSetManager: Finished task 2.0 in stage 6.0 (TID 9) in 212 ms on localhost (executor driver) (7/40)
24/10/13 12:59:01 INFO TaskSetManager: Starting task 16.0 in stage 6.0 (TID 23, localhost, executor driver, partition 16, ANY, 4715 bytes)
24/10/13 12:59:01 INFO Executor: Running task 16.0 in stage 6.0 (TID 23)
24/10/13 12:59:01 INFO Executor: Finished task 12.0 in stage 6.0 (TID 19). 2747 bytes result sent to driver
24/10/13 12:59:01 INFO ShuffleBlockFetcherIterator: Getting 1 non-empty blocks out of 1 blocks
24/10/13 12:59:01 INFO ShuffleBlockFetcherIterator: Started 0 remote fetches in 0 ms
24/10/13 12:59:01 INFO TaskSetManager: Starting task 17.0 in stage 6.0 (TID 24, localhost, executor driver, partition 17, ANY, 4715 bytes)
24/10/13 12:59:01 INFO Executor: Running task 15.0 in stage 6.0 (TID 22)
24/10/13 12:59:01 INFO ShuffleBlockFetcherIterator: Getting 1 non-empty blocks out of 1 blocks
24/10/13 12:59:01 INFO TaskSetManager: Finished task 8.0 in stage 6.0 (TID 15) in 214 ms on localhost (executor driver) (8/40)
24/10/13 12:59:01 INFO Executor: Finished task 13.0 in stage 6.0 (TID 20). 2747 bytes result sent to driver
24/10/13 12:59:01 INFO ShuffleBlockFetcherIterator: Getting 1 non-empty blocks out of 1 blocks
24/10/13 12:59:01 INFO ShuffleBlockFetcherIterator: Started 0 remote fetches in 0 ms
24/10/13 12:59:01 INFO ShuffleBlockFetcherIterator: Started 0 remote fetches in 0 ms
24/10/13 12:59:01 INFO Executor: Finished task 1.0 in stage 6.0 (TID 8). 2833 bytes result sent to driver
24/10/13 12:59:01 INFO Executor: Running task 17.0 in stage 6.0 (TID 24)
24/10/13 12:59:01 INFO ShuffleBlockFetcherIterator: Getting 1 non-empty blocks out of 1 blocks
24/10/13 12:59:01 INFO TaskSetManager: Starting task 18.0 in stage 6.0 (TID 25, localhost, executor driver, partition 18, ANY, 4715 bytes)
24/10/13 12:59:01 INFO Executor: Finished task 9.0 in stage 6.0 (TID 16). 2747 bytes result sent to driver
24/10/13 12:59:01 INFO Executor: Running task 18.0 in stage 6.0 (TID 25)
24/10/13 12:59:01 INFO TaskSetManager: Starting task 19.0 in stage 6.0 (TID 26, localhost, executor driver, partition 19, ANY, 4715 bytes)
24/10/13 12:59:01 INFO ShuffleBlockFetcherIterator: Started 0 remote fetches in 0 ms
24/10/13 12:59:01 INFO TaskSetManager: Finished task 7.0 in stage 6.0 (TID 14) in 235 ms on localhost (executor driver) (9/40)
24/10/13 12:59:01 INFO TaskSetManager: Finished task 12.0 in stage 6.0 (TID 19) in 53 ms on localhost (executor driver) (10/40)
24/10/13 12:59:01 INFO TaskSetManager: Starting task 20.0 in stage 6.0 (TID 27, localhost, executor driver, partition 20, ANY, 4715 bytes)
24/10/13 12:59:01 INFO TaskSetManager: Starting task 21.0 in stage 6.0 (TID 28, localhost, executor driver, partition 21, ANY, 4715 bytes)
24/10/13 12:59:01 INFO Executor: Running task 20.0 in stage 6.0 (TID 27)
24/10/13 12:59:01 INFO TaskSetManager: Finished task 1.0 in stage 6.0 (TID 8) in 250 ms on localhost (executor driver) (11/40)
24/10/13 12:59:01 INFO TaskSetManager: Finished task 9.0 in stage 6.0 (TID 16) in 99 ms on localhost (executor driver) (12/40)
24/10/13 12:59:01 INFO Executor: Running task 19.0 in stage 6.0 (TID 26)
24/10/13 12:59:01 INFO ShuffleBlockFetcherIterator: Getting 1 non-empty blocks out of 1 blocks
24/10/13 12:59:01 INFO ShuffleBlockFetcherIterator: Started 0 remote fetches in 0 ms
24/10/13 12:59:01 INFO Executor: Running task 21.0 in stage 6.0 (TID 28)
24/10/13 12:59:01 INFO ShuffleBlockFetcherIterator: Getting 1 non-empty blocks out of 1 blocks
24/10/13 12:59:01 INFO ShuffleBlockFetcherIterator: Started 0 remote fetches in 4 ms
24/10/13 12:59:01 INFO Executor: Finished task 10.0 in stage 6.0 (TID 17). 2747 bytes result sent to driver
24/10/13 12:59:01 INFO TaskSetManager: Starting task 22.0 in stage 6.0 (TID 29, localhost, executor driver, partition 22, ANY, 4715 bytes)
24/10/13 12:59:01 INFO Executor: Running task 22.0 in stage 6.0 (TID 29)
24/10/13 12:59:01 INFO ShuffleBlockFetcherIterator: Getting 1 non-empty blocks out of 1 blocks
24/10/13 12:59:01 INFO ShuffleBlockFetcherIterator: Started 0 remote fetches in 0 ms
24/10/13 12:59:01 INFO TaskSetManager: Finished task 13.0 in stage 6.0 (TID 20) in 66 ms on localhost (executor driver) (13/40)
24/10/13 12:59:01 INFO Executor: Finished task 11.0 in stage 6.0 (TID 18). 2747 bytes result sent to driver
24/10/13 12:59:01 INFO TaskSetManager: Finished task 10.0 in stage 6.0 (TID 17) in 108 ms on localhost (executor driver) (14/40)
24/10/13 12:59:01 INFO ShuffleBlockFetcherIterator: Getting 1 non-empty blocks out of 1 blocks
24/10/13 12:59:01 INFO ShuffleBlockFetcherIterator: Started 0 remote fetches in 0 ms
24/10/13 12:59:01 INFO TaskSetManager: Starting task 23.0 in stage 6.0 (TID 30, localhost, executor driver, partition 23, ANY, 4715 bytes)
24/10/13 12:59:01 INFO TaskSetManager: Finished task 11.0 in stage 6.0 (TID 18) in 81 ms on localhost (executor driver) (15/40)
24/10/13 12:59:01 INFO Executor: Running task 23.0 in stage 6.0 (TID 30)
24/10/13 12:59:01 INFO ShuffleBlockFetcherIterator: Getting 1 non-empty blocks out of 1 blocks
24/10/13 12:59:01 INFO ShuffleBlockFetcherIterator: Started 0 remote fetches in 0 ms
24/10/13 12:59:01 INFO ShuffleBlockFetcherIterator: Getting 1 non-empty blocks out of 1 blocks
24/10/13 12:59:01 INFO ShuffleBlockFetcherIterator: Started 0 remote fetches in 0 ms
24/10/13 12:59:01 INFO Executor: Finished task 15.0 in stage 6.0 (TID 22). 2747 bytes result sent to driver
24/10/13 12:59:01 INFO TaskSetManager: Starting task 24.0 in stage 6.0 (TID 31, localhost, executor driver, partition 24, ANY, 4715 bytes)
24/10/13 12:59:01 INFO ShuffleBlockFetcherIterator: Getting 1 non-empty blocks out of 1 blocks
24/10/13 12:59:01 INFO ShuffleBlockFetcherIterator: Started 0 remote fetches in 0 ms
24/10/13 12:59:01 INFO Executor: Finished task 14.0 in stage 6.0 (TID 21). 2747 bytes result sent to driver
24/10/13 12:59:01 INFO Executor: Finished task 16.0 in stage 6.0 (TID 23). 2747 bytes result sent to driver
24/10/13 12:59:01 INFO TaskSetManager: Finished task 15.0 in stage 6.0 (TID 22) in 58 ms on localhost (executor driver) (16/40)
24/10/13 12:59:01 INFO Executor: Running task 24.0 in stage 6.0 (TID 31)
24/10/13 12:59:01 INFO TaskSetManager: Starting task 25.0 in stage 6.0 (TID 32, localhost, executor driver, partition 25, ANY, 4715 bytes)
24/10/13 12:59:01 INFO Executor: Running task 25.0 in stage 6.0 (TID 32)
24/10/13 12:59:01 INFO TaskSetManager: Starting task 26.0 in stage 6.0 (TID 33, localhost, executor driver, partition 26, ANY, 4715 bytes)
24/10/13 12:59:01 INFO Executor: Running task 26.0 in stage 6.0 (TID 33)
24/10/13 12:59:01 INFO TaskSetManager: Finished task 16.0 in stage 6.0 (TID 23) in 59 ms on localhost (executor driver) (17/40)
24/10/13 12:59:01 INFO TaskSetManager: Finished task 14.0 in stage 6.0 (TID 21) in 61 ms on localhost (executor driver) (18/40)
24/10/13 12:59:01 INFO Executor: Finished task 20.0 in stage 6.0 (TID 27). 2747 bytes result sent to driver
24/10/13 12:59:01 INFO TaskSetManager: Starting task 27.0 in stage 6.0 (TID 34, localhost, executor driver, partition 27, ANY, 4715 bytes)
24/10/13 12:59:01 INFO Executor: Finished task 22.0 in stage 6.0 (TID 29). 2747 bytes result sent to driver
24/10/13 12:59:01 INFO Executor: Running task 27.0 in stage 6.0 (TID 34)
24/10/13 12:59:01 INFO TaskSetManager: Starting task 28.0 in stage 6.0 (TID 35, localhost, executor driver, partition 28, ANY, 4715 bytes)
24/10/13 12:59:01 INFO Executor: Finished task 18.0 in stage 6.0 (TID 25). 2747 bytes result sent to driver
24/10/13 12:59:01 INFO ShuffleBlockFetcherIterator: Getting 1 non-empty blocks out of 1 blocks
24/10/13 12:59:01 INFO TaskSetManager: Finished task 22.0 in stage 6.0 (TID 29) in 16 ms on localhost (executor driver) (19/40)
24/10/13 12:59:01 INFO ShuffleBlockFetcherIterator: Started 0 remote fetches in 1 ms
24/10/13 12:59:01 INFO TaskSetManager: Starting task 29.0 in stage 6.0 (TID 36, localhost, executor driver, partition 29, ANY, 4715 bytes)
24/10/13 12:59:01 INFO ShuffleBlockFetcherIterator: Getting 1 non-empty blocks out of 1 blocks
24/10/13 12:59:01 INFO ShuffleBlockFetcherIterator: Started 0 remote fetches in 0 ms
24/10/13 12:59:01 INFO ShuffleBlockFetcherIterator: Getting 1 non-empty blocks out of 1 blocks
24/10/13 12:59:01 INFO ShuffleBlockFetcherIterator: Started 0 remote fetches in 0 ms
24/10/13 12:59:01 INFO Executor: Running task 28.0 in stage 6.0 (TID 35)
24/10/13 12:59:01 INFO ShuffleBlockFetcherIterator: Getting 1 non-empty blocks out of 1 blocks
24/10/13 12:59:01 INFO ShuffleBlockFetcherIterator: Started 0 remote fetches in 0 ms
24/10/13 12:59:01 INFO Executor: Finished task 17.0 in stage 6.0 (TID 24). 2747 bytes result sent to driver
24/10/13 12:59:01 INFO Executor: Running task 29.0 in stage 6.0 (TID 36)
24/10/13 12:59:01 INFO Executor: Finished task 23.0 in stage 6.0 (TID 30). 2790 bytes result sent to driver
24/10/13 12:59:01 INFO Executor: Finished task 24.0 in stage 6.0 (TID 31). 2747 bytes result sent to driver
24/10/13 12:59:01 INFO Executor: Finished task 21.0 in stage 6.0 (TID 28). 2747 bytes result sent to driver
24/10/13 12:59:01 INFO ShuffleBlockFetcherIterator: Getting 1 non-empty blocks out of 1 blocks
24/10/13 12:59:01 INFO ShuffleBlockFetcherIterator: Started 0 remote fetches in 0 ms
24/10/13 12:59:01 INFO TaskSetManager: Starting task 30.0 in stage 6.0 (TID 37, localhost, executor driver, partition 30, ANY, 4715 bytes)
24/10/13 12:59:01 INFO ShuffleBlockFetcherIterator: Getting 1 non-empty blocks out of 1 blocks
24/10/13 12:59:01 INFO ShuffleBlockFetcherIterator: Started 0 remote fetches in 0 ms
24/10/13 12:59:01 INFO TaskSetManager: Starting task 31.0 in stage 6.0 (TID 38, localhost, executor driver, partition 31, ANY, 4715 bytes)
24/10/13 12:59:01 INFO TaskSetManager: Finished task 23.0 in stage 6.0 (TID 30) in 23 ms on localhost (executor driver) (20/40)
24/10/13 12:59:01 INFO Executor: Finished task 19.0 in stage 6.0 (TID 26). 2747 bytes result sent to driver
24/10/13 12:59:01 INFO Executor: Finished task 26.0 in stage 6.0 (TID 33). 2747 bytes result sent to driver
24/10/13 12:59:01 INFO Executor: Running task 30.0 in stage 6.0 (TID 37)
24/10/13 12:59:01 INFO TaskSetManager: Starting task 32.0 in stage 6.0 (TID 39, localhost, executor driver, partition 32, ANY, 4715 bytes)
24/10/13 12:59:01 INFO Executor: Running task 31.0 in stage 6.0 (TID 38)
24/10/13 12:59:01 INFO Executor: Running task 32.0 in stage 6.0 (TID 39)
24/10/13 12:59:01 INFO Executor: Finished task 27.0 in stage 6.0 (TID 34). 2747 bytes result sent to driver
24/10/13 12:59:01 INFO TaskSetManager: Starting task 33.0 in stage 6.0 (TID 40, localhost, executor driver, partition 33, ANY, 4715 bytes)
24/10/13 12:59:01 INFO ShuffleBlockFetcherIterator: Getting 1 non-empty blocks out of 1 blocks
24/10/13 12:59:01 INFO ShuffleBlockFetcherIterator: Started 0 remote fetches in 0 ms
24/10/13 12:59:01 INFO TaskSetManager: Finished task 20.0 in stage 6.0 (TID 27) in 60 ms on localhost (executor driver) (21/40)
24/10/13 12:59:01 INFO Executor: Running task 33.0 in stage 6.0 (TID 40)
24/10/13 12:59:01 INFO ShuffleBlockFetcherIterator: Getting 1 non-empty blocks out of 1 blocks
24/10/13 12:59:01 INFO ShuffleBlockFetcherIterator: Started 0 remote fetches in 0 ms
24/10/13 12:59:01 INFO ShuffleBlockFetcherIterator: Getting 1 non-empty blocks out of 1 blocks
24/10/13 12:59:01 INFO ShuffleBlockFetcherIterator: Started 0 remote fetches in 0 ms
24/10/13 12:59:01 INFO TaskSetManager: Finished task 24.0 in stage 6.0 (TID 31) in 41 ms on localhost (executor driver) (22/40)
24/10/13 12:59:01 INFO TaskSetManager: Starting task 34.0 in stage 6.0 (TID 41, localhost, executor driver, partition 34, ANY, 4715 bytes)
24/10/13 12:59:01 INFO Executor: Running task 34.0 in stage 6.0 (TID 41)
24/10/13 12:59:01 INFO TaskSetManager: Starting task 35.0 in stage 6.0 (TID 42, localhost, executor driver, partition 35, ANY, 4715 bytes)
24/10/13 12:59:01 INFO Executor: Finished task 29.0 in stage 6.0 (TID 36). 2747 bytes result sent to driver
24/10/13 12:59:01 INFO Executor: Finished task 28.0 in stage 6.0 (TID 35). 2747 bytes result sent to driver
24/10/13 12:59:01 INFO Executor: Running task 35.0 in stage 6.0 (TID 42)
24/10/13 12:59:01 INFO TaskSetManager: Starting task 36.0 in stage 6.0 (TID 43, localhost, executor driver, partition 36, ANY, 4715 bytes)
24/10/13 12:59:01 INFO TaskSetManager: Finished task 17.0 in stage 6.0 (TID 24) in 112 ms on localhost (executor driver) (23/40)
24/10/13 12:59:01 INFO TaskSetManager: Finished task 26.0 in stage 6.0 (TID 33) in 56 ms on localhost (executor driver) (24/40)
24/10/13 12:59:01 INFO TaskSetManager: Finished task 27.0 in stage 6.0 (TID 34) in 50 ms on localhost (executor driver) (25/40)
24/10/13 12:59:01 INFO Executor: Finished task 31.0 in stage 6.0 (TID 38). 2747 bytes result sent to driver
24/10/13 12:59:01 INFO Executor: Running task 36.0 in stage 6.0 (TID 43)
24/10/13 12:59:01 INFO ShuffleBlockFetcherIterator: Getting 1 non-empty blocks out of 1 blocks
24/10/13 12:59:01 INFO ShuffleBlockFetcherIterator: Started 0 remote fetches in 0 ms
24/10/13 12:59:01 INFO ShuffleBlockFetcherIterator: Getting 1 non-empty blocks out of 1 blocks
24/10/13 12:59:01 INFO ShuffleBlockFetcherIterator: Started 0 remote fetches in 0 ms
24/10/13 12:59:01 INFO ShuffleBlockFetcherIterator: Getting 1 non-empty blocks out of 1 blocks
24/10/13 12:59:01 INFO ShuffleBlockFetcherIterator: Started 0 remote fetches in 0 ms
24/10/13 12:59:01 INFO TaskSetManager: Finished task 18.0 in stage 6.0 (TID 25) in 124 ms on localhost (executor driver) (26/40)
24/10/13 12:59:01 INFO TaskSetManager: Finished task 21.0 in stage 6.0 (TID 28) in 94 ms on localhost (executor driver) (27/40)
24/10/13 12:59:01 INFO TaskSetManager: Starting task 37.0 in stage 6.0 (TID 44, localhost, executor driver, partition 37, ANY, 4715 bytes)
24/10/13 12:59:01 INFO TaskSetManager: Finished task 28.0 in stage 6.0 (TID 35) in 72 ms on localhost (executor driver) (28/40)
24/10/13 12:59:01 INFO ShuffleBlockFetcherIterator: Getting 1 non-empty blocks out of 1 blocks
24/10/13 12:59:01 INFO ShuffleBlockFetcherIterator: Started 0 remote fetches in 6 ms
24/10/13 12:59:01 INFO TaskSetManager: Finished task 19.0 in stage 6.0 (TID 26) in 119 ms on localhost (executor driver) (29/40)
24/10/13 12:59:01 INFO Executor: Running task 37.0 in stage 6.0 (TID 44)
24/10/13 12:59:01 INFO TaskSetManager: Starting task 38.0 in stage 6.0 (TID 45, localhost, executor driver, partition 38, ANY, 4715 bytes)
24/10/13 12:59:01 INFO TaskSetManager: Finished task 29.0 in stage 6.0 (TID 36) in 103 ms on localhost (executor driver) (30/40)
24/10/13 12:59:01 INFO Executor: Running task 38.0 in stage 6.0 (TID 45)
24/10/13 12:59:01 INFO TaskSetManager: Finished task 31.0 in stage 6.0 (TID 38) in 95 ms on localhost (executor driver) (31/40)
24/10/13 12:59:01 INFO ShuffleBlockFetcherIterator: Getting 1 non-empty blocks out of 1 blocks
24/10/13 12:59:01 INFO ShuffleBlockFetcherIterator: Started 0 remote fetches in 1 ms
24/10/13 12:59:01 INFO ShuffleBlockFetcherIterator: Getting 1 non-empty blocks out of 1 blocks
24/10/13 12:59:01 INFO ShuffleBlockFetcherIterator: Started 0 remote fetches in 0 ms
24/10/13 12:59:01 INFO Executor: Finished task 36.0 in stage 6.0 (TID 43). 2747 bytes result sent to driver
24/10/13 12:59:01 INFO Executor: Finished task 30.0 in stage 6.0 (TID 37). 2747 bytes result sent to driver
24/10/13 12:59:01 INFO Executor: Finished task 35.0 in stage 6.0 (TID 42). 2790 bytes result sent to driver
24/10/13 12:59:01 INFO Executor: Finished task 25.0 in stage 6.0 (TID 32). 2747 bytes result sent to driver
24/10/13 12:59:01 INFO Executor: Finished task 33.0 in stage 6.0 (TID 40). 2747 bytes result sent to driver
24/10/13 12:59:01 INFO Executor: Finished task 37.0 in stage 6.0 (TID 44). 2747 bytes result sent to driver
24/10/13 12:59:01 INFO TaskSetManager: Finished task 36.0 in stage 6.0 (TID 43) in 70 ms on localhost (executor driver) (32/40)
24/10/13 12:59:01 INFO TaskSetManager: Finished task 30.0 in stage 6.0 (TID 37) in 112 ms on localhost (executor driver) (33/40)
24/10/13 12:59:01 INFO Executor: Finished task 38.0 in stage 6.0 (TID 45). 2747 bytes result sent to driver
24/10/13 12:59:01 INFO Executor: Finished task 34.0 in stage 6.0 (TID 41). 2747 bytes result sent to driver
24/10/13 12:59:01 INFO Executor: Finished task 32.0 in stage 6.0 (TID 39). 2747 bytes result sent to driver
24/10/13 12:59:01 INFO TaskSetManager: Finished task 25.0 in stage 6.0 (TID 32) in 128 ms on localhost (executor driver) (34/40)
24/10/13 12:59:01 INFO TaskSetManager: Finished task 33.0 in stage 6.0 (TID 40) in 113 ms on localhost (executor driver) (35/40)
24/10/13 12:59:01 INFO TaskSetManager: Finished task 35.0 in stage 6.0 (TID 42) in 74 ms on localhost (executor driver) (36/40)
24/10/13 12:59:01 INFO TaskSetManager: Finished task 32.0 in stage 6.0 (TID 39) in 113 ms on localhost (executor driver) (37/40)
24/10/13 12:59:01 INFO TaskSetManager: Finished task 37.0 in stage 6.0 (TID 44) in 52 ms on localhost (executor driver) (38/40)
24/10/13 12:59:01 INFO TaskSetManager: Finished task 38.0 in stage 6.0 (TID 45) in 46 ms on localhost (executor driver) (39/40)
24/10/13 12:59:01 INFO TaskSetManager: Finished task 34.0 in stage 6.0 (TID 41) in 86 ms on localhost (executor driver) (40/40)
24/10/13 12:59:01 INFO TaskSchedulerImpl: Removed TaskSet 6.0, whose tasks have all completed, from pool 
24/10/13 12:59:01 INFO DAGScheduler: ShuffleMapStage 6 (count at NativeMethodAccessorImpl.java:0) finished in 0.404 s
24/10/13 12:59:01 INFO DAGScheduler: looking for newly runnable stages
24/10/13 12:59:01 INFO DAGScheduler: running: Set()
24/10/13 12:59:01 INFO DAGScheduler: waiting: Set(ResultStage 7)
24/10/13 12:59:01 INFO DAGScheduler: failed: Set()
24/10/13 12:59:01 INFO DAGScheduler: Submitting ResultStage 7 (MapPartitionsRDD[25] at count at NativeMethodAccessorImpl.java:0), which has no missing parents
24/10/13 12:59:01 INFO MemoryStore: Block broadcast_11 stored as values in memory (estimated size 7.0 KB, free 365.4 MB)
24/10/13 12:59:01 INFO MemoryStore: Block broadcast_11_piece0 stored as bytes in memory (estimated size 3.7 KB, free 365.4 MB)
24/10/13 12:59:01 INFO BlockManagerInfo: Added broadcast_11_piece0 in memory on 10.0.2.6:37127 (size: 3.7 KB, free: 366.2 MB)
24/10/13 12:59:01 INFO SparkContext: Created broadcast 11 from broadcast at DAGScheduler.scala:1006
24/10/13 12:59:01 INFO DAGScheduler: Submitting 1 missing tasks from ResultStage 7 (MapPartitionsRDD[25] at count at NativeMethodAccessorImpl.java:0) (first 15 tasks are for partitions Vector(0))
24/10/13 12:59:01 INFO TaskSchedulerImpl: Adding task set 7.0 with 1 tasks
24/10/13 12:59:01 INFO TaskSetManager: Starting task 0.0 in stage 7.0 (TID 46, localhost, executor driver, partition 0, ANY, 4726 bytes)
24/10/13 12:59:01 INFO Executor: Running task 0.0 in stage 7.0 (TID 46)
24/10/13 12:59:01 INFO ShuffleBlockFetcherIterator: Getting 40 non-empty blocks out of 40 blocks
24/10/13 12:59:01 INFO ShuffleBlockFetcherIterator: Started 0 remote fetches in 0 ms
24/10/13 12:59:01 INFO Executor: Finished task 0.0 in stage 7.0 (TID 46). 1581 bytes result sent to driver
24/10/13 12:59:01 INFO TaskSetManager: Finished task 0.0 in stage 7.0 (TID 46) in 8 ms on localhost (executor driver) (1/1)
24/10/13 12:59:01 INFO TaskSchedulerImpl: Removed TaskSet 7.0, whose tasks have all completed, from pool 
24/10/13 12:59:01 INFO DAGScheduler: ResultStage 7 (count at NativeMethodAccessorImpl.java:0) finished in 0.008 s
24/10/13 12:59:01 INFO DAGScheduler: Job 4 finished: count at NativeMethodAccessorImpl.java:0, took 0.492668 s
24/10/13 12:59:01 INFO FileSourceStrategy: Pruning directories with: 
24/10/13 12:59:01 INFO FileSourceStrategy: Post-Scan Filters: isnotnull(petal_length#14),(petal_length#14 > 2.0)
24/10/13 12:59:01 INFO FileSourceStrategy: Output Data Schema: struct<sepal_length: double, sepal_width: double, petal_length: double, petal_width: double, species: string ... 3 more fields>
24/10/13 12:59:01 INFO FileSourceScanExec: Pushed Filters: IsNotNull(petal_length),GreaterThan(petal_length,2.0)
24/10/13 12:59:01 INFO CodeGenerator: Code generated in 6.848397 ms
24/10/13 12:59:01 INFO CodeGenerator: Code generated in 8.247706 ms
24/10/13 12:59:01 INFO MemoryStore: Block broadcast_12 stored as values in memory (estimated size 279.2 KB, free 365.1 MB)
24/10/13 12:59:01 INFO MemoryStore: Block broadcast_12_piece0 stored as bytes in memory (estimated size 23.8 KB, free 365.1 MB)
24/10/13 12:59:01 INFO BlockManagerInfo: Added broadcast_12_piece0 in memory on 10.0.2.6:37127 (size: 23.8 KB, free: 366.2 MB)
24/10/13 12:59:01 INFO SparkContext: Created broadcast 12 from showString at NativeMethodAccessorImpl.java:0
24/10/13 12:59:01 INFO FileSourceScanExec: Planning scan with bin packing, max size: 4194304 bytes, open cost is considered as scanning 4194304 bytes.
24/10/13 12:59:01 INFO SparkContext: Starting job: showString at NativeMethodAccessorImpl.java:0
24/10/13 12:59:01 INFO DAGScheduler: Got job 5 (showString at NativeMethodAccessorImpl.java:0) with 1 output partitions
24/10/13 12:59:01 INFO DAGScheduler: Final stage: ResultStage 8 (showString at NativeMethodAccessorImpl.java:0)
24/10/13 12:59:01 INFO DAGScheduler: Parents of final stage: List()
24/10/13 12:59:01 INFO DAGScheduler: Missing parents: List()
24/10/13 12:59:01 INFO DAGScheduler: Submitting ResultStage 8 (MapPartitionsRDD[29] at showString at NativeMethodAccessorImpl.java:0), which has no missing parents
24/10/13 12:59:01 INFO MemoryStore: Block broadcast_13 stored as values in memory (estimated size 14.7 KB, free 365.1 MB)
24/10/13 12:59:01 INFO MemoryStore: Block broadcast_13_piece0 stored as bytes in memory (estimated size 7.8 KB, free 365.0 MB)
24/10/13 12:59:01 INFO BlockManagerInfo: Added broadcast_13_piece0 in memory on 10.0.2.6:37127 (size: 7.8 KB, free: 366.2 MB)
24/10/13 12:59:01 INFO SparkContext: Created broadcast 13 from broadcast at DAGScheduler.scala:1006
24/10/13 12:59:01 INFO DAGScheduler: Submitting 1 missing tasks from ResultStage 8 (MapPartitionsRDD[29] at showString at NativeMethodAccessorImpl.java:0) (first 15 tasks are for partitions Vector(0))
24/10/13 12:59:01 INFO TaskSchedulerImpl: Adding task set 8.0 with 1 tasks
24/10/13 12:59:01 INFO TaskSetManager: Starting task 0.0 in stage 8.0 (TID 47, localhost, executor driver, partition 0, PROCESS_LOCAL, 5316 bytes)
24/10/13 12:59:01 INFO Executor: Running task 0.0 in stage 8.0 (TID 47)
24/10/13 12:59:01 INFO FileScanRDD: Reading File path: file:///home/david/Documents/BigData/python/Project1/files/input_files/iris.csv, range: 0-4608, partition values: [empty row]
24/10/13 12:59:01 INFO CodeGenerator: Code generated in 4.1709 ms
24/10/13 12:59:01 INFO Executor: Finished task 0.0 in stage 8.0 (TID 47). 10967 bytes result sent to driver
24/10/13 12:59:01 INFO TaskSetManager: Finished task 0.0 in stage 8.0 (TID 47) in 33 ms on localhost (executor driver) (1/1)
24/10/13 12:59:01 INFO TaskSchedulerImpl: Removed TaskSet 8.0, whose tasks have all completed, from pool 
24/10/13 12:59:01 INFO DAGScheduler: ResultStage 8 (showString at NativeMethodAccessorImpl.java:0) finished in 0.034 s
24/10/13 12:59:01 INFO DAGScheduler: Job 5 finished: showString at NativeMethodAccessorImpl.java:0, took 0.040429 s
24/10/13 12:59:01 INFO CodeGenerator: Code generated in 4.900615 ms
24/10/13 12:59:01 INFO FileSourceStrategy: Pruning directories with: 
24/10/13 12:59:01 INFO FileSourceStrategy: Post-Scan Filters: isnotnull(petal_length#14),(petal_length#14 > 2.0)
24/10/13 12:59:01 INFO FileSourceStrategy: Output Data Schema: struct<sepal_length: double, sepal_width: double, petal_length: double, petal_width: double, species: string ... 3 more fields>
24/10/13 12:59:01 INFO FileSourceScanExec: Pushed Filters: IsNotNull(petal_length),GreaterThan(petal_length,2.0)
24/10/13 12:59:01 INFO ParquetFileFormat: Using default output committer for Parquet: org.apache.parquet.hadoop.ParquetOutputCommitter
24/10/13 12:59:01 INFO FileOutputCommitter: File Output Committer Algorithm version is 1
24/10/13 12:59:01 INFO SQLHadoopMapReduceCommitProtocol: Using user defined output committer class org.apache.parquet.hadoop.ParquetOutputCommitter
24/10/13 12:59:01 INFO FileOutputCommitter: File Output Committer Algorithm version is 1
24/10/13 12:59:01 INFO SQLHadoopMapReduceCommitProtocol: Using output committer class org.apache.parquet.hadoop.ParquetOutputCommitter
24/10/13 12:59:01 INFO CodeGenerator: Code generated in 5.232623 ms
24/10/13 12:59:01 INFO MemoryStore: Block broadcast_14 stored as values in memory (estimated size 279.2 KB, free 364.8 MB)
24/10/13 12:59:01 INFO MemoryStore: Block broadcast_14_piece0 stored as bytes in memory (estimated size 23.8 KB, free 364.8 MB)
24/10/13 12:59:01 INFO BlockManagerInfo: Added broadcast_14_piece0 in memory on 10.0.2.6:37127 (size: 23.8 KB, free: 366.2 MB)
24/10/13 12:59:01 INFO SparkContext: Created broadcast 14 from parquet at NativeMethodAccessorImpl.java:0
24/10/13 12:59:01 INFO FileSourceScanExec: Planning scan with bin packing, max size: 4194304 bytes, open cost is considered as scanning 4194304 bytes.
24/10/13 12:59:01 INFO SparkContext: Starting job: parquet at NativeMethodAccessorImpl.java:0
24/10/13 12:59:01 INFO DAGScheduler: Got job 6 (parquet at NativeMethodAccessorImpl.java:0) with 1 output partitions
24/10/13 12:59:01 INFO DAGScheduler: Final stage: ResultStage 9 (parquet at NativeMethodAccessorImpl.java:0)
24/10/13 12:59:01 INFO DAGScheduler: Parents of final stage: List()
24/10/13 12:59:01 INFO DAGScheduler: Missing parents: List()
24/10/13 12:59:01 INFO DAGScheduler: Submitting ResultStage 9 (MapPartitionsRDD[34] at parquet at NativeMethodAccessorImpl.java:0), which has no missing parents
24/10/13 12:59:01 INFO MemoryStore: Block broadcast_15 stored as values in memory (estimated size 14.1 KB, free 364.7 MB)
24/10/13 12:59:01 INFO MemoryStore: Block broadcast_15_piece0 stored as bytes in memory (estimated size 7.5 KB, free 364.7 MB)
24/10/13 12:59:01 INFO BlockManagerInfo: Added broadcast_15_piece0 in memory on 10.0.2.6:37127 (size: 7.5 KB, free: 366.2 MB)
24/10/13 12:59:01 INFO SparkContext: Created broadcast 15 from broadcast at DAGScheduler.scala:1006
24/10/13 12:59:01 INFO DAGScheduler: Submitting 1 missing tasks from ResultStage 9 (MapPartitionsRDD[34] at parquet at NativeMethodAccessorImpl.java:0) (first 15 tasks are for partitions Vector(0))
24/10/13 12:59:01 INFO TaskSchedulerImpl: Adding task set 9.0 with 1 tasks
24/10/13 12:59:01 INFO TaskSetManager: Starting task 0.0 in stage 9.0 (TID 48, localhost, executor driver, partition 0, PROCESS_LOCAL, 5316 bytes)
24/10/13 12:59:01 INFO Executor: Running task 0.0 in stage 9.0 (TID 48)
24/10/13 12:59:01 INFO FileScanRDD: Reading File path: file:///home/david/Documents/BigData/python/Project1/files/input_files/iris.csv, range: 0-4608, partition values: [empty row]
24/10/13 12:59:01 INFO Executor: Finished task 0.0 in stage 9.0 (TID 48). 9780 bytes result sent to driver
24/10/13 12:59:01 INFO TaskSetManager: Finished task 0.0 in stage 9.0 (TID 48) in 5 ms on localhost (executor driver) (1/1)
24/10/13 12:59:01 INFO TaskSchedulerImpl: Removed TaskSet 9.0, whose tasks have all completed, from pool 
24/10/13 12:59:01 INFO DAGScheduler: ResultStage 9 (parquet at NativeMethodAccessorImpl.java:0) finished in 0.005 s
24/10/13 12:59:01 INFO DAGScheduler: Job 6 finished: parquet at NativeMethodAccessorImpl.java:0, took 0.010360 s
24/10/13 12:59:01 INFO SparkContext: Starting job: parquet at NativeMethodAccessorImpl.java:0
24/10/13 12:59:01 INFO DAGScheduler: Registering RDD 35 (parquet at NativeMethodAccessorImpl.java:0)
24/10/13 12:59:01 INFO DAGScheduler: Got job 7 (parquet at NativeMethodAccessorImpl.java:0) with 1 output partitions
24/10/13 12:59:01 INFO DAGScheduler: Final stage: ResultStage 11 (parquet at NativeMethodAccessorImpl.java:0)
24/10/13 12:59:01 INFO DAGScheduler: Parents of final stage: List(ShuffleMapStage 10)
24/10/13 12:59:01 INFO DAGScheduler: Missing parents: List(ShuffleMapStage 10)
24/10/13 12:59:01 INFO DAGScheduler: Submitting ShuffleMapStage 10 (MapPartitionsRDD[35] at parquet at NativeMethodAccessorImpl.java:0), which has no missing parents
24/10/13 12:59:01 INFO MemoryStore: Block broadcast_16 stored as values in memory (estimated size 19.4 KB, free 364.7 MB)
24/10/13 12:59:01 INFO MemoryStore: Block broadcast_16_piece0 stored as bytes in memory (estimated size 9.3 KB, free 364.7 MB)
24/10/13 12:59:01 INFO BlockManagerInfo: Added broadcast_16_piece0 in memory on 10.0.2.6:37127 (size: 9.3 KB, free: 366.1 MB)
24/10/13 12:59:01 INFO SparkContext: Created broadcast 16 from broadcast at DAGScheduler.scala:1006
24/10/13 12:59:01 INFO DAGScheduler: Submitting 1 missing tasks from ShuffleMapStage 10 (MapPartitionsRDD[35] at parquet at NativeMethodAccessorImpl.java:0) (first 15 tasks are for partitions Vector(0))
24/10/13 12:59:01 INFO TaskSchedulerImpl: Adding task set 10.0 with 1 tasks
24/10/13 12:59:01 INFO TaskSetManager: Starting task 0.0 in stage 10.0 (TID 49, localhost, executor driver, partition 0, PROCESS_LOCAL, 5305 bytes)
24/10/13 12:59:01 INFO Executor: Running task 0.0 in stage 10.0 (TID 49)
24/10/13 12:59:01 INFO FileScanRDD: Reading File path: file:///home/david/Documents/BigData/python/Project1/files/input_files/iris.csv, range: 0-4608, partition values: [empty row]
24/10/13 12:59:01 INFO Executor: Finished task 0.0 in stage 10.0 (TID 49). 1527 bytes result sent to driver
24/10/13 12:59:01 INFO TaskSetManager: Finished task 0.0 in stage 10.0 (TID 49) in 18 ms on localhost (executor driver) (1/1)
24/10/13 12:59:01 INFO TaskSchedulerImpl: Removed TaskSet 10.0, whose tasks have all completed, from pool 
24/10/13 12:59:01 INFO DAGScheduler: ShuffleMapStage 10 (parquet at NativeMethodAccessorImpl.java:0) finished in 0.019 s
24/10/13 12:59:01 INFO DAGScheduler: looking for newly runnable stages
24/10/13 12:59:01 INFO DAGScheduler: running: Set()
24/10/13 12:59:01 INFO DAGScheduler: waiting: Set(ResultStage 11)
24/10/13 12:59:01 INFO DAGScheduler: failed: Set()
24/10/13 12:59:01 INFO DAGScheduler: Submitting ResultStage 11 (CoalescedRDD[38] at parquet at NativeMethodAccessorImpl.java:0), which has no missing parents
24/10/13 12:59:01 INFO MemoryStore: Block broadcast_17 stored as values in memory (estimated size 91.8 KB, free 364.6 MB)
24/10/13 12:59:01 INFO MemoryStore: Block broadcast_17_piece0 stored as bytes in memory (estimated size 36.0 KB, free 364.6 MB)
24/10/13 12:59:01 INFO BlockManagerInfo: Added broadcast_17_piece0 in memory on 10.0.2.6:37127 (size: 36.0 KB, free: 366.1 MB)
24/10/13 12:59:01 INFO SparkContext: Created broadcast 17 from broadcast at DAGScheduler.scala:1006
24/10/13 12:59:01 INFO DAGScheduler: Submitting 1 missing tasks from ResultStage 11 (CoalescedRDD[38] at parquet at NativeMethodAccessorImpl.java:0) (first 15 tasks are for partitions Vector(0))
24/10/13 12:59:01 INFO TaskSchedulerImpl: Adding task set 11.0 with 1 tasks
24/10/13 12:59:01 INFO TaskSetManager: Starting task 0.0 in stage 11.0 (TID 50, localhost, executor driver, partition 0, ANY, 6016 bytes)
24/10/13 12:59:01 INFO Executor: Running task 0.0 in stage 11.0 (TID 50)
24/10/13 12:59:01 INFO FileOutputCommitter: File Output Committer Algorithm version is 1
24/10/13 12:59:01 INFO SQLHadoopMapReduceCommitProtocol: Using user defined output committer class org.apache.parquet.hadoop.ParquetOutputCommitter
24/10/13 12:59:01 INFO FileOutputCommitter: File Output Committer Algorithm version is 1
24/10/13 12:59:01 INFO SQLHadoopMapReduceCommitProtocol: Using output committer class org.apache.parquet.hadoop.ParquetOutputCommitter
24/10/13 12:59:01 INFO CodecConfig: Compression: SNAPPY
24/10/13 12:59:01 INFO CodecConfig: Compression: SNAPPY
24/10/13 12:59:01 INFO ParquetOutputFormat: Parquet block size to 134217728
24/10/13 12:59:01 INFO ParquetOutputFormat: Parquet page size to 1048576
24/10/13 12:59:01 INFO ParquetOutputFormat: Parquet dictionary page size to 1048576
24/10/13 12:59:01 INFO ParquetOutputFormat: Dictionary is on
24/10/13 12:59:01 INFO ParquetOutputFormat: Validation is off
24/10/13 12:59:01 INFO ParquetOutputFormat: Writer version is: PARQUET_1_0
24/10/13 12:59:01 INFO ParquetOutputFormat: Maximum row group padding size is 0 bytes
24/10/13 12:59:01 INFO ParquetOutputFormat: Page size checking is: estimated
24/10/13 12:59:01 INFO ParquetOutputFormat: Min row count for page size check is: 100
24/10/13 12:59:01 INFO ParquetOutputFormat: Max row count for page size check is: 10000
24/10/13 12:59:01 INFO ParquetWriteSupport: Initialized Parquet WriteSupport with Catalyst schema:
{
  "type" : "struct",
  "fields" : [ {
    "name" : "sepal_length",
    "type" : "double",
    "nullable" : true,
    "metadata" : { }
  }, {
    "name" : "sepal_width",
    "type" : "double",
    "nullable" : true,
    "metadata" : { }
  }, {
    "name" : "petal_length",
    "type" : "double",
    "nullable" : true,
    "metadata" : { }
  }, {
    "name" : "petal_width",
    "type" : "double",
    "nullable" : true,
    "metadata" : { }
  }, {
    "name" : "species",
    "type" : "string",
    "nullable" : true,
    "metadata" : { }
  } ]
}
and corresponding Parquet message type:
message spark_schema {
  optional double sepal_length;
  optional double sepal_width;
  optional double petal_length;
  optional double petal_width;
  optional binary species (UTF8);
}

       
24/10/13 12:59:01 INFO CodecPool: Got brand-new compressor [.snappy]
24/10/13 12:59:01 INFO ShuffleBlockFetcherIterator: Getting 1 non-empty blocks out of 1 blocks
24/10/13 12:59:01 INFO ShuffleBlockFetcherIterator: Started 0 remote fetches in 1 ms
24/10/13 12:59:01 INFO CodeGenerator: Code generated in 5.721028 ms
24/10/13 12:59:02 INFO ShuffleBlockFetcherIterator: Getting 1 non-empty blocks out of 1 blocks
24/10/13 12:59:02 INFO ShuffleBlockFetcherIterator: Started 0 remote fetches in 0 ms
24/10/13 12:59:02 INFO ShuffleBlockFetcherIterator: Getting 1 non-empty blocks out of 1 blocks
24/10/13 12:59:02 INFO ShuffleBlockFetcherIterator: Started 0 remote fetches in 0 ms
24/10/13 12:59:02 INFO ShuffleBlockFetcherIterator: Getting 1 non-empty blocks out of 1 blocks
24/10/13 12:59:02 INFO ShuffleBlockFetcherIterator: Started 0 remote fetches in 0 ms
24/10/13 12:59:02 INFO ShuffleBlockFetcherIterator: Getting 1 non-empty blocks out of 1 blocks
24/10/13 12:59:02 INFO ShuffleBlockFetcherIterator: Started 0 remote fetches in 0 ms
24/10/13 12:59:02 INFO ShuffleBlockFetcherIterator: Getting 1 non-empty blocks out of 1 blocks
24/10/13 12:59:02 INFO ShuffleBlockFetcherIterator: Started 0 remote fetches in 0 ms
24/10/13 12:59:02 INFO ShuffleBlockFetcherIterator: Getting 1 non-empty blocks out of 1 blocks
24/10/13 12:59:02 INFO ShuffleBlockFetcherIterator: Started 0 remote fetches in 0 ms
24/10/13 12:59:02 INFO ShuffleBlockFetcherIterator: Getting 1 non-empty blocks out of 1 blocks
24/10/13 12:59:02 INFO ShuffleBlockFetcherIterator: Started 0 remote fetches in 0 ms
24/10/13 12:59:02 INFO ShuffleBlockFetcherIterator: Getting 1 non-empty blocks out of 1 blocks
24/10/13 12:59:02 INFO ShuffleBlockFetcherIterator: Started 0 remote fetches in 0 ms
24/10/13 12:59:02 INFO ShuffleBlockFetcherIterator: Getting 1 non-empty blocks out of 1 blocks
24/10/13 12:59:02 INFO ShuffleBlockFetcherIterator: Started 0 remote fetches in 1 ms
24/10/13 12:59:02 INFO ShuffleBlockFetcherIterator: Getting 1 non-empty blocks out of 1 blocks
24/10/13 12:59:02 INFO ShuffleBlockFetcherIterator: Started 0 remote fetches in 0 ms
24/10/13 12:59:02 INFO ShuffleBlockFetcherIterator: Getting 1 non-empty blocks out of 1 blocks
24/10/13 12:59:02 INFO ShuffleBlockFetcherIterator: Started 0 remote fetches in 0 ms
24/10/13 12:59:02 INFO ShuffleBlockFetcherIterator: Getting 1 non-empty blocks out of 1 blocks
24/10/13 12:59:02 INFO ShuffleBlockFetcherIterator: Started 0 remote fetches in 0 ms
24/10/13 12:59:02 INFO ShuffleBlockFetcherIterator: Getting 1 non-empty blocks out of 1 blocks
24/10/13 12:59:02 INFO ShuffleBlockFetcherIterator: Started 0 remote fetches in 0 ms
24/10/13 12:59:02 INFO ShuffleBlockFetcherIterator: Getting 1 non-empty blocks out of 1 blocks
24/10/13 12:59:02 INFO ShuffleBlockFetcherIterator: Started 0 remote fetches in 0 ms
24/10/13 12:59:02 INFO ShuffleBlockFetcherIterator: Getting 1 non-empty blocks out of 1 blocks
24/10/13 12:59:02 INFO ShuffleBlockFetcherIterator: Started 0 remote fetches in 0 ms
24/10/13 12:59:02 INFO ShuffleBlockFetcherIterator: Getting 1 non-empty blocks out of 1 blocks
24/10/13 12:59:02 INFO ShuffleBlockFetcherIterator: Started 0 remote fetches in 0 ms
24/10/13 12:59:02 INFO ShuffleBlockFetcherIterator: Getting 1 non-empty blocks out of 1 blocks
24/10/13 12:59:02 INFO ShuffleBlockFetcherIterator: Started 0 remote fetches in 0 ms
24/10/13 12:59:02 INFO ShuffleBlockFetcherIterator: Getting 1 non-empty blocks out of 1 blocks
24/10/13 12:59:02 INFO ShuffleBlockFetcherIterator: Started 0 remote fetches in 1 ms
24/10/13 12:59:02 INFO ShuffleBlockFetcherIterator: Getting 1 non-empty blocks out of 1 blocks
24/10/13 12:59:02 INFO ShuffleBlockFetcherIterator: Started 0 remote fetches in 0 ms
24/10/13 12:59:02 INFO ShuffleBlockFetcherIterator: Getting 1 non-empty blocks out of 1 blocks
24/10/13 12:59:02 INFO ShuffleBlockFetcherIterator: Started 0 remote fetches in 0 ms
24/10/13 12:59:02 INFO ShuffleBlockFetcherIterator: Getting 1 non-empty blocks out of 1 blocks
24/10/13 12:59:02 INFO ShuffleBlockFetcherIterator: Started 0 remote fetches in 0 ms
24/10/13 12:59:02 INFO ShuffleBlockFetcherIterator: Getting 1 non-empty blocks out of 1 blocks
24/10/13 12:59:02 INFO ShuffleBlockFetcherIterator: Started 0 remote fetches in 1 ms
24/10/13 12:59:02 INFO ShuffleBlockFetcherIterator: Getting 1 non-empty blocks out of 1 blocks
24/10/13 12:59:02 INFO ShuffleBlockFetcherIterator: Started 0 remote fetches in 0 ms
24/10/13 12:59:02 INFO ShuffleBlockFetcherIterator: Getting 1 non-empty blocks out of 1 blocks
24/10/13 12:59:02 INFO ShuffleBlockFetcherIterator: Started 0 remote fetches in 0 ms
24/10/13 12:59:02 INFO ShuffleBlockFetcherIterator: Getting 1 non-empty blocks out of 1 blocks
24/10/13 12:59:02 INFO ShuffleBlockFetcherIterator: Started 0 remote fetches in 0 ms
24/10/13 12:59:02 INFO ShuffleBlockFetcherIterator: Getting 1 non-empty blocks out of 1 blocks
24/10/13 12:59:02 INFO ShuffleBlockFetcherIterator: Started 0 remote fetches in 0 ms
24/10/13 12:59:02 INFO ShuffleBlockFetcherIterator: Getting 1 non-empty blocks out of 1 blocks
24/10/13 12:59:02 INFO ShuffleBlockFetcherIterator: Started 0 remote fetches in 0 ms
24/10/13 12:59:02 INFO ShuffleBlockFetcherIterator: Getting 1 non-empty blocks out of 1 blocks
24/10/13 12:59:02 INFO ShuffleBlockFetcherIterator: Started 0 remote fetches in 0 ms
24/10/13 12:59:02 INFO ShuffleBlockFetcherIterator: Getting 1 non-empty blocks out of 1 blocks
24/10/13 12:59:02 INFO ShuffleBlockFetcherIterator: Started 0 remote fetches in 0 ms
24/10/13 12:59:02 INFO ShuffleBlockFetcherIterator: Getting 1 non-empty blocks out of 1 blocks
24/10/13 12:59:02 INFO ShuffleBlockFetcherIterator: Started 0 remote fetches in 0 ms
24/10/13 12:59:02 INFO ShuffleBlockFetcherIterator: Getting 1 non-empty blocks out of 1 blocks
24/10/13 12:59:02 INFO ShuffleBlockFetcherIterator: Started 0 remote fetches in 0 ms
24/10/13 12:59:02 INFO ShuffleBlockFetcherIterator: Getting 1 non-empty blocks out of 1 blocks
24/10/13 12:59:02 INFO ShuffleBlockFetcherIterator: Started 0 remote fetches in 0 ms
24/10/13 12:59:02 INFO ShuffleBlockFetcherIterator: Getting 1 non-empty blocks out of 1 blocks
24/10/13 12:59:02 INFO ShuffleBlockFetcherIterator: Started 0 remote fetches in 0 ms
24/10/13 12:59:02 INFO ShuffleBlockFetcherIterator: Getting 1 non-empty blocks out of 1 blocks
24/10/13 12:59:02 INFO ShuffleBlockFetcherIterator: Started 0 remote fetches in 0 ms
24/10/13 12:59:02 INFO ShuffleBlockFetcherIterator: Getting 1 non-empty blocks out of 1 blocks
24/10/13 12:59:02 INFO ShuffleBlockFetcherIterator: Started 0 remote fetches in 0 ms
24/10/13 12:59:02 INFO ShuffleBlockFetcherIterator: Getting 1 non-empty blocks out of 1 blocks
24/10/13 12:59:02 INFO ShuffleBlockFetcherIterator: Started 0 remote fetches in 0 ms
24/10/13 12:59:02 INFO ShuffleBlockFetcherIterator: Getting 1 non-empty blocks out of 1 blocks
24/10/13 12:59:02 INFO ShuffleBlockFetcherIterator: Started 0 remote fetches in 0 ms
24/10/13 12:59:02 INFO ShuffleBlockFetcherIterator: Getting 1 non-empty blocks out of 1 blocks
24/10/13 12:59:02 INFO ShuffleBlockFetcherIterator: Started 0 remote fetches in 0 ms
24/10/13 12:59:02 INFO ShuffleBlockFetcherIterator: Getting 0 non-empty blocks out of 1 blocks
24/10/13 12:59:02 INFO ShuffleBlockFetcherIterator: Started 0 remote fetches in 0 ms
24/10/13 12:59:02 INFO InternalParquetRecordWriter: Flushing mem columnStore to file. allocated memory: 2789
24/10/13 12:59:02 INFO FileOutputCommitter: Saved output of task 'attempt_20241013125901_0011_m_000000_0' to file:/home/david/Documents/BigData/python/Project1/files/output_files/iris/_temporary/0/task_20241013125901_0011_m_000000
24/10/13 12:59:02 INFO SparkHadoopMapRedUtil: attempt_20241013125901_0011_m_000000_0: Committed
24/10/13 12:59:02 INFO Executor: Finished task 0.0 in stage 11.0 (TID 50). 2588 bytes result sent to driver
24/10/13 12:59:02 INFO TaskSetManager: Finished task 0.0 in stage 11.0 (TID 50) in 367 ms on localhost (executor driver) (1/1)
24/10/13 12:59:02 INFO TaskSchedulerImpl: Removed TaskSet 11.0, whose tasks have all completed, from pool 
24/10/13 12:59:02 INFO DAGScheduler: ResultStage 11 (parquet at NativeMethodAccessorImpl.java:0) finished in 0.368 s
24/10/13 12:59:02 INFO DAGScheduler: Job 7 finished: parquet at NativeMethodAccessorImpl.java:0, took 0.407882 s
24/10/13 12:59:02 INFO FileFormatWriter: Job null committed.
24/10/13 12:59:02 INFO AbstractConnector: Stopped Spark@226b4874{HTTP/1.1,[http/1.1]}{0.0.0.0:4040}
24/10/13 12:59:02 INFO SparkUI: Stopped Spark web UI at http://10.0.2.6:4040
24/10/13 12:59:02 INFO MapOutputTrackerMasterEndpoint: MapOutputTrackerMasterEndpoint stopped!
24/10/13 12:59:02 INFO MemoryStore: MemoryStore cleared
24/10/13 12:59:02 INFO BlockManager: BlockManager stopped
24/10/13 12:59:02 INFO BlockManagerMaster: BlockManagerMaster stopped
24/10/13 12:59:02 INFO OutputCommitCoordinator$OutputCommitCoordinatorEndpoint: OutputCommitCoordinator stopped!
24/10/13 12:59:02 INFO SparkContext: Successfully stopped SparkContext
24/10/13 12:59:02 INFO ShutdownHookManager: Shutdown hook called
24/10/13 12:59:02 INFO ShutdownHookManager: Deleting directory /tmp/spark-87f4eb23-1686-4b8f-979f-87e3ce334da0
24/10/13 12:59:02 INFO ShutdownHookManager: Deleting directory /tmp/spark-87f4eb23-1686-4b8f-979f-87e3ce334da0/pyspark-5ddac9d1-7aac-4423-bbe6-2da5d60c754d
